[+] Containers:
 |- [+] Container: /Game/ThirdPerson/Maps/ThirdPersonMap
 |   |- [+] ActorDescs:
 |   |   |- Guid:0135491449E2B444B54743B1C8D9DDA5 BaseClass: NativeClass:/Script/Engine.PlayerStart Name:PlayerStart_UAID_E0D55EB58B9F07A401_1195138633 Label:PlayerStart SpatiallyLoaded:0 Bounds:IsValid=true, Min=(X=860.000 Y=1820.000 Z=0.013), Max=(X=940.000 Y=1900.000 Z=184.013) RuntimeGrid:None EditorOnly:0 RuntimeOnly:0 HLODRelevant:0
 |   |   |- Guid:042BC2874683C479AD69499D0B5CD9C4 BaseClass: NativeClass:/Script/Engine.StaticMeshActor Name:StaticMeshActor_UAID_E0D55EB58B9F07A401_1195129628 Label:SM_Cube5 SpatiallyLoaded:1 Bounds:IsValid=true, Min=(X=-0.000 Y=100.000 Z=0.000), Max=(X=100.000 Y=3400.000 Z=400.000) RuntimeGrid:None EditorOnly:0 RuntimeOnly:0 HLODRelevant:1 FolderPath:Playground FolderGuid:C73F09FC4215536B1DCE2A9E0A830C70
 |   |   |- Guid:0663F5D74A7E6F79A6FE539684A5D481 BaseClass:/Game/ThirdPerson/Blueprints/Grid_BP.Grid_BP_C NativeClass:/Script/Engine.Actor Name:Grid_BP_C_UAID_E0D55EB58B9F07A401_1195142636 Label:Grid_BP20 SpatiallyLoaded:1 Bounds:IsValid=true, Min=(X=1450.000 Y=1050.000 Z=0.000), Max=(X=1450.000 Y=1050.000 Z=0.000) RuntimeGrid:None EditorOnly:0 RuntimeOnly:0 HLODRelevant:0
 |   |   |- Guid:07A7D368484A5FC724206BB806DC19BA BaseClass:/Game/ThirdPerson/Blueprints/Grid_BP.Grid_BP_C NativeClass:/Script/Engine.Actor Name:Grid_BP_C_UAID_E0D55EB58B9F07A401_1195079590 Label:Grid_BP10 SpatiallyLoaded:1 Bounds:IsValid=true, Min=(X=1150.000 Y=950.000 Z=0.000), Max=(X=1150.000 Y=950.000 Z=0.000) RuntimeGrid:None EditorOnly:0 RuntimeOnly:0 HLODRelevant:0
 |   |   |- Guid:0A551708431A8252BEFCA1A24B0534B0 BaseClass:/Game/ThirdPerson/Blueprints/Grid_BP.Grid_BP_C NativeClass:/Script/Engine.Actor Name:Grid_BP_C_UAID_E0D55EB58B9F07A401_1195141635 Label:Grid_BP5 SpatiallyLoaded:1 Bounds:IsValid=true, Min=(X=1350.000 Y=850.000 Z=0.000), Max=(X=1350.000 Y=850.000 Z=0.000) RuntimeGrid:None EditorOnly:0 RuntimeOnly:0 HLODRelevant:0
 |   |   |- Guid:120E2C274248DF5591C3C7B5AA9887DD BaseClass:/Game/ThirdPerson/Blueprints/Grid_BP.Grid_BP_C NativeClass:/Script/Engine.Actor Name:Grid_BP_C_UAID_E0D55EB58B9F07A401_1195106610 Label:Grid_BP35 SpatiallyLoaded:1 Bounds:IsValid=true, Min=(X=850.000 Y=1350.000 Z=0.000), Max=(X=850.000 Y=1350.000 Z=0.000) RuntimeGrid:None EditorOnly:0 RuntimeOnly:0 HLODRelevant:0
 |   |   |- Guid:13981C554F5D7B8E47A390BA5C199AAB BaseClass:/Game/ThirdPerson/Blueprints/Element_BP.Element_BP_C NativeClass:/Script/Engine.Actor Name:Element_BP_C_UAID_E0D55EB58B9F0AA401_1236408176 Label:Element_BP4 SpatiallyLoaded:1 Bounds:IsValid=true, Min=(X=1400.000 Y=1290.000 Z=-50.000), Max=(X=1500.000 Y=1390.000 Z=50.000) RuntimeGrid:None EditorOnly:0 RuntimeOnly:0 HLODRelevant:0
 |   |   |- Guid:1A1810FD4CBCF936060AC6A16A36C68B BaseClass:/Game/ThirdPerson/Blueprints/Grid_BP.Grid_BP_C NativeClass:/Script/Engine.Actor Name:Grid_BP_C_UAID_E0D55EB58B9F07A401_1195093600 Label:Grid_BP38 SpatiallyLoaded:1 Bounds:IsValid=true, Min=(X=1150.000 Y=1350.000 Z=0.000), Max=(X=1150.000 Y=1350.000 Z=0.000) RuntimeGrid:None EditorOnly:0 RuntimeOnly:0 HLODRelevant:0
 |   |   |- Guid:2087F1A64C2CE21976EB34930E8E5EF1 BaseClass:/Game/ThirdPerson/Blueprints/Grid_BP.Grid_BP_C NativeClass:/Script/Engine.Actor Name:Grid_BP_C_UAID_E0D55EB58B9F07A401_1195145639 Label:Grid_BP26 SpatiallyLoaded:1 Bounds:IsValid=true, Min=(X=1350.000 Y=1150.000 Z=0.000), Max=(X=1350.000 Y=1150.000 Z=0.000) RuntimeGrid:None EditorOnly:0 RuntimeOnly:0 HLODRelevant:0
 |   |   |- Guid:22CA33194754D5A00B7A3F84C88DC85C BaseClass:/Game/ThirdPerson/Blueprints/Grid_BP.Grid_BP_C NativeClass:/Script/Engine.Actor Name:Grid_BP_C_UAID_E0D55EB58B9F07A401_1195125624 Label:Grid_BP23 SpatiallyLoaded:1 Bounds:IsValid=true, Min=(X=1050.000 Y=1150.000 Z=0.000), Max=(X=1050.000 Y=1150.000 Z=0.000) RuntimeGrid:None EditorOnly:0 RuntimeOnly:0 HLODRelevant:0
 |   |   |- Guid:248830E24CD0CEF5AB369387F87A5251 BaseClass:/Game/ThirdPerson/Blueprints/GridManager_BP.GridManager_BP_C NativeClass:/Script/Engine.Actor Name:GridManager_BP_C_UAID_E0D55EB58B9F07A401_1601912644 Label:GridManager_BP SpatiallyLoaded:1 Bounds:IsValid=true, Min=(X=1629.175 Y=810.000 Z=0.000), Max=(X=2130.825 Y=810.000 Z=97.335) RuntimeGrid:None EditorOnly:0 RuntimeOnly:0 HLODRelevant:0
 |   |   |- Guid:248D91334500F019CAA80AA372385BD5 BaseClass: NativeClass:/Script/Engine.StaticMeshActor Name:StaticMeshActor_UAID_E0D55EB58B9F07A401_1195053577 Label:Cube3 SpatiallyLoaded:1 Bounds:IsValid=true, Min=(X=700.000 Y=700.000 Z=-60.000), Max=(X=1500.000 Y=800.000 Z=40.000) RuntimeGrid:None EditorOnly:0 RuntimeOnly:0 HLODRelevant:1
 |   |   |- Guid:2576A35F4A009F72B9E2FAB756FC4B7D BaseClass: NativeClass:/Script/Engine.StaticMeshActor Name:StaticMeshActor_UAID_E0D55EB58B9F07A401_1195140634 Label:Cube5 SpatiallyLoaded:1 Bounds:IsValid=true, Min=(X=1500.000 Y=700.000 Z=-60.000), Max=(X=1600.000 Y=1500.000 Z=40.000) RuntimeGrid:None EditorOnly:0 RuntimeOnly:0 HLODRelevant:1
 |   |   |- Guid:28D4721C42E9AD339A6815A8BF531839 BaseClass:/Game/ThirdPerson/Blueprints/Grid_BP.Grid_BP_C NativeClass:/Script/Engine.Actor Name:Grid_BP_C_UAID_E0D55EB58B9F07A401_1195144638 Label:Grid_BP31 SpatiallyLoaded:1 Bounds:IsValid=true, Min=(X=1150.000 Y=1250.000 Z=0.000), Max=(X=1150.000 Y=1250.000 Z=0.000) RuntimeGrid:None EditorOnly:0 RuntimeOnly:0 HLODRelevant:0
 |   |   |- Guid:299E628C4B1092066E62E18324FC8A95 BaseClass:/Game/ThirdPerson/Blueprints/Grid_BP.Grid_BP_C NativeClass:/Script/Engine.Actor Name:Grid_BP_C_UAID_E0D55EB58B9F0AA401_1236409177 Label:Grid_BP42 SpatiallyLoaded:1 Bounds:IsValid=true, Min=(X=1150.000 Y=1250.000 Z=0.000), Max=(X=1150.000 Y=1250.000 Z=0.000) RuntimeGrid:None EditorOnly:0 RuntimeOnly:0 HLODRelevant:0
 |   |   |- Guid:2A7FEB244399CEBCFEDFCD91C40D8D2D BaseClass: NativeClass:/Script/Engine.TextRenderActor Name:TextRenderActor_UAID_E0D55EB58B9F07A401_1195077588 Label:TextRenderActor SpatiallyLoaded:1 Bounds:IsValid=true, Min=(X=-0.100 Y=1100.000 Z=65.013), Max=(X=-0.100 Y=2392.308 Z=215.013) RuntimeGrid:None EditorOnly:0 RuntimeOnly:0 HLODRelevant:0
 |   |   |- Guid:2CFA310140389044812E96AFB0C370AF BaseClass: NativeClass:/Script/Engine.DirectionalLight Name:DirectionalLight_UAID_E0D55EB58B9F07A401_1195074586 Label:DirectionalLight SpatiallyLoaded:0 Bounds:IsValid=true, Min=(X=-4398046511104.000 Y=-4398046511104.000 Z=-4398046511104.000), Max=(X=4398046511104.000 Y=4398046511104.000 Z=4398046511104.000) RuntimeGrid:None EditorOnly:0 RuntimeOnly:0 HLODRelevant:0 FolderPath:Lighting FolderGuid:963EC3EB4002CCE9759E2EBA541A873A
 |   |   |- Guid:3062AEFA409EC5543446EA9A02A79D19 BaseClass:/Game/ThirdPerson/Blueprints/Grid_BP.Grid_BP_C NativeClass:/Script/Engine.Actor Name:Grid_BP_C_UAID_E0D55EB58B9F07A401_1195083593 Label:Grid_BP4 SpatiallyLoaded:1 Bounds:IsValid=true, Min=(X=1250.000 Y=850.000 Z=0.000), Max=(X=1250.000 Y=850.000 Z=0.000) RuntimeGrid:None EditorOnly:0 RuntimeOnly:0 HLODRelevant:0
 |   |   |- Guid:327AA66D4246A9D5C7911E95FE979563 BaseClass:/Game/ThirdPerson/Blueprints/Grid_BP.Grid_BP_C NativeClass:/Script/Engine.Actor Name:Grid_BP_C_UAID_E0D55EB58B9F07A401_1195124623 Label:Grid_BP15 SpatiallyLoaded:1 Bounds:IsValid=true, Min=(X=950.000 Y=1050.000 Z=0.000), Max=(X=950.000 Y=1050.000 Z=0.000) RuntimeGrid:None EditorOnly:0 RuntimeOnly:0 HLODRelevant:0
 |   |   |- Guid:348D69B34692917C375259B839D7F978 BaseClass:/Game/ThirdPerson/Blueprints/Grid_BP.Grid_BP_C NativeClass:/Script/Engine.Actor Name:Grid_BP_C_UAID_E0D55EB58B9F07A401_1195147640 Label:Grid_BP16 SpatiallyLoaded:1 Bounds:IsValid=true, Min=(X=1050.000 Y=1050.000 Z=0.000), Max=(X=1050.000 Y=1050.000 Z=0.000) RuntimeGrid:None EditorOnly:0 RuntimeOnly:0 HLODRelevant:0
 |   |   |- Guid:3749639C420629A6AB673B8FB5D625DC BaseClass:/Game/ThirdPerson/Blueprints/Grid_BP.Grid_BP_C NativeClass:/Script/Engine.Actor Name:Grid_BP_C_UAID_E0D55EB58B9F07A401_1195149642 Label:Grid_BP30 SpatiallyLoaded:1 Bounds:IsValid=true, Min=(X=1050.000 Y=1250.000 Z=0.000), Max=(X=1050.000 Y=1250.000 Z=0.000) RuntimeGrid:None EditorOnly:0 RuntimeOnly:0 HLODRelevant:0
 |   |   |- Guid:38EA27054BA3C4CE61BAAB829714A0CC BaseClass:/Game/ThirdPerson/Blueprints/Grid_BP.Grid_BP_C NativeClass:/Script/Engine.Actor Name:Grid_BP_C_UAID_E0D55EB58B9F07A401_1195132629 Label:Grid_BP0 SpatiallyLoaded:1 Bounds:IsValid=true, Min=(X=850.000 Y=850.000 Z=0.000), Max=(X=850.000 Y=850.000 Z=0.000) RuntimeGrid:None EditorOnly:0 RuntimeOnly:0 HLODRelevant:0
 |   |   |- Guid:3FC905534880AD629A09969D5CDEA69E BaseClass: NativeClass:/Script/Engine.PostProcessVolume Name:PostProcessVolume_UAID_E0D55EB58B9F07A401_1195063584 Label:PostProcessVolume SpatiallyLoaded:0 Bounds:IsValid=true, Min=(X=0.000 Y=0.000 Z=400.000), Max=(X=200.000 Y=200.000 Z=600.000) RuntimeGrid:None EditorOnly:0 RuntimeOnly:0 HLODRelevant:0 FolderPath:Lighting FolderGuid:963EC3EB4002CCE9759E2EBA541A873A
 |   |   |- Guid:44CDC36443086F717DE472AD6A4B8952 BaseClass:/Game/ThirdPerson/Blueprints/Grid_BP.Grid_BP_C NativeClass:/Script/Engine.Actor Name:Grid_BP_C_UAID_E0D55EB58B9F07A401_1195056579 Label:Grid_BP21 SpatiallyLoaded:1 Bounds:IsValid=true, Min=(X=850.000 Y=1150.000 Z=0.000), Max=(X=850.000 Y=1150.000 Z=0.000) RuntimeGrid:None EditorOnly:0 RuntimeOnly:0 HLODRelevant:0
 |   |   |- Guid:4643EE6345DD2868E069F282C1522507 BaseClass:/Game/ThirdPerson/Blueprints/Grid_BP.Grid_BP_C NativeClass:/Script/Engine.Actor Name:Grid_BP_C_UAID_E0D55EB58B9F07A401_1195114615 Label:Grid_BP14 SpatiallyLoaded:1 Bounds:IsValid=true, Min=(X=850.000 Y=1050.000 Z=0.000), Max=(X=850.000 Y=1050.000 Z=0.000) RuntimeGrid:None EditorOnly:0 RuntimeOnly:0 HLODRelevant:0
 |   |   |- Guid:4987BF444688FD29E392529536346BE8 BaseClass: NativeClass:/Script/Engine.StaticMeshActor Name:StaticMeshActor_UAID_E0D55EB58B9F07A401_1195099605 Label:SM_Cube SpatiallyLoaded:1 Bounds:IsValid=true, Min=(X=0.000 Y=0.000 Z=-50.000), Max=(X=3000.000 Y=3500.000 Z=0.000) RuntimeGrid:None EditorOnly:0 RuntimeOnly:0 HLODRelevant:1 FolderPath:Playground FolderGuid:C73F09FC4215536B1DCE2A9E0A830C70
 |   |   |- Guid:53C14BEC46782708918758BCD700F21D BaseClass:/Game/ThirdPerson/Blueprints/Grid_BP.Grid_BP_C NativeClass:/Script/Engine.Actor Name:Grid_BP_C_UAID_E0D55EB58B9F07A401_1195076587 Label:Grid_BP29 SpatiallyLoaded:1 Bounds:IsValid=true, Min=(X=950.000 Y=1250.000 Z=0.000), Max=(X=950.000 Y=1250.000 Z=0.000) RuntimeGrid:None EditorOnly:0 RuntimeOnly:0 HLODRelevant:0
 |   |   |- Guid:54FA861346D21A71FCA51183246DFA18 BaseClass:/Game/ThirdPerson/Blueprints/Grid_BP.Grid_BP_C NativeClass:/Script/Engine.Actor Name:Grid_BP_C_UAID_E0D55EB58B9F07A401_1195127626 Label:Grid_BP36 SpatiallyLoaded:1 Bounds:IsValid=true, Min=(X=950.000 Y=1350.000 Z=0.000), Max=(X=950.000 Y=1350.000 Z=0.000) RuntimeGrid:None EditorOnly:0 RuntimeOnly:0 HLODRelevant:0
 |   |   |- Guid:5634FBA949D0E80E29F1F1808DB46A9D BaseClass:/Game/ThirdPerson/Blueprints/Grid_BP.Grid_BP_C NativeClass:/Script/Engine.Actor Name:Grid_BP_C_UAID_E0D55EB58B9F07A401_1195103608 Label:Grid_BP40 SpatiallyLoaded:1 Bounds:IsValid=true, Min=(X=1350.000 Y=1350.000 Z=0.000), Max=(X=1350.000 Y=1350.000 Z=0.000) RuntimeGrid:None EditorOnly:0 RuntimeOnly:0 HLODRelevant:0
 |   |   |- Guid:5D82E7F14C6CF68C6AD8358B71C4E0F2 BaseClass:/Game/ThirdPerson/Blueprints/Grid_BP.Grid_BP_C NativeClass:/Script/Engine.Actor Name:Grid_BP_C_UAID_E0D55EB58B9F07A401_1195073585 Label:Grid_BP37 SpatiallyLoaded:1 Bounds:IsValid=true, Min=(X=1050.000 Y=1350.000 Z=0.000), Max=(X=1050.000 Y=1350.000 Z=0.000) RuntimeGrid:None EditorOnly:0 RuntimeOnly:0 HLODRelevant:0
 |   |   |- Guid:5D8D8A1A43FBEA0DBCB924B69D1CE624 BaseClass: NativeClass:/Script/Engine.VolumetricCloud Name:VolumetricCloud_UAID_E0D55EB58B9F07A401_1195078589 Label:VolumetricCloud SpatiallyLoaded:0 Bounds:IsValid=true, Min=(X=0.000 Y=0.000 Z=820.000), Max=(X=0.000 Y=0.000 Z=820.000) RuntimeGrid:None EditorOnly:0 RuntimeOnly:0 HLODRelevant:0 FolderPath:Lighting FolderGuid:963EC3EB4002CCE9759E2EBA541A873A
 |   |   |- Guid:5EE009C848CED82E3C178992FE767771 BaseClass:/Game/ThirdPerson/Blueprints/Grid_BP.Grid_BP_C NativeClass:/Script/Engine.Actor Name:Grid_BP_C_UAID_E0D55EB58B9F07A401_1195134631 Label:Grid_BP6 SpatiallyLoaded:1 Bounds:IsValid=true, Min=(X=1450.000 Y=850.000 Z=0.000), Max=(X=1450.000 Y=850.000 Z=0.000) RuntimeGrid:None EditorOnly:0 RuntimeOnly:0 HLODRelevant:0
 |   |   |- Guid:60246074490B1E11A628178F07424005 BaseClass: NativeClass:/Script/Engine.StaticMeshActor Name:StaticMeshActor_UAID_E0D55EB58B9F07A401_1195094601 Label:Cube2 SpatiallyLoaded:1 Bounds:IsValid=true, Min=(X=700.000 Y=700.000 Z=-60.000), Max=(X=800.000 Y=1500.000 Z=40.000) RuntimeGrid:None EditorOnly:0 RuntimeOnly:0 HLODRelevant:1
 |   |   |- Guid:63225E2E4AFA83AD036916A1FFFB2C33 BaseClass:/Game/ThirdPerson/Blueprints/Grid_BP.Grid_BP_C NativeClass:/Script/Engine.Actor Name:Grid_BP_C_UAID_E0D55EB58B9F07A401_1195097603 Label:Grid_BP7 SpatiallyLoaded:1 Bounds:IsValid=true, Min=(X=850.000 Y=950.000 Z=0.000), Max=(X=850.000 Y=950.000 Z=0.000) RuntimeGrid:None EditorOnly:0 RuntimeOnly:0 HLODRelevant:0
 |   |   |- Guid:6B06978F43FF6D55A959C493BAE09890 BaseClass:/Game/ThirdPerson/Blueprints/Enemy_BP.Enemy_BP_C NativeClass:/Script/Engine.Character Name:Enemy_BP_C_UAID_E0D55EB58B9F9AA401_1852514447 Label:Enemy_BP7 SpatiallyLoaded:1 Bounds:IsValid=true, Min=(X=1506.693 Y=760.157 Z=-424.000), Max=(X=2530.693 Y=1784.157 Z=600.000) RuntimeGrid:None EditorOnly:0 RuntimeOnly:0 HLODRelevant:0
 |   |   |- Guid:6B3854AB493E92FDE2C297BA209A767E BaseClass:/Game/ThirdPerson/Blueprints/Grid_BP.Grid_BP_C NativeClass:/Script/Engine.Actor Name:Grid_BP_C_UAID_E0D55EB58B9F07A401_1195133630 Label:Grid_BP25 SpatiallyLoaded:1 Bounds:IsValid=true, Min=(X=1250.000 Y=1150.000 Z=0.000), Max=(X=1250.000 Y=1150.000 Z=0.000) RuntimeGrid:None EditorOnly:0 RuntimeOnly:0 HLODRelevant:0
 |   |   |- Guid:6BAF4DDD444C60371492D3919DB42C97 BaseClass: NativeClass:/Script/Engine.WorldDataLayers Name:WorldDataLayers Label:WorldDataLayers SpatiallyLoaded:0 Bounds:IsValid=true, Min=(X=0.000 Y=0.000 Z=0.000), Max=(X=0.000 Y=0.000 Z=0.000) RuntimeGrid:None EditorOnly:0 RuntimeOnly:0 HLODRelevant:0
 |   |   |- Guid:72D3163E42795C93DDEFF8921AB0EB2C BaseClass: NativeClass:/Script/Engine.StaticMeshActor Name:StaticMeshActor_UAID_E0D55EB58B9F07A401_1195084594 Label:SM_Cube2 SpatiallyLoaded:1 Bounds:IsValid=true, Min=(X=0.000 Y=0.000 Z=0.000), Max=(X=3000.000 Y=100.000 Z=400.000) RuntimeGrid:None EditorOnly:0 RuntimeOnly:0 HLODRelevant:1 FolderPath:Playground FolderGuid:C73F09FC4215536B1DCE2A9E0A830C70
 |   |   |- Guid:78E549554C21C46F1ECB11AF6A8A301E BaseClass:/Game/ThirdPerson/Blueprints/Grid_BP.Grid_BP_C NativeClass:/Script/Engine.Actor Name:Grid_BP_C_UAID_E0D55EB58B9F07A401_1195082592 Label:Grid_BP24 SpatiallyLoaded:1 Bounds:IsValid=true, Min=(X=1150.000 Y=1150.000 Z=0.000), Max=(X=1150.000 Y=1150.000 Z=0.000) RuntimeGrid:None EditorOnly:0 RuntimeOnly:0 HLODRelevant:0
 |   |   |- Guid:7D51701A4A44A0E0D15A94B2A3434DDC BaseClass:/Game/ThirdPerson/Blueprints/Grid_BP.Grid_BP_C NativeClass:/Script/Engine.Actor Name:Grid_BP_C_UAID_E0D55EB58B9F07A401_1195087597 Label:Grid_BP28 SpatiallyLoaded:1 Bounds:IsValid=true, Min=(X=850.000 Y=1250.000 Z=0.000), Max=(X=850.000 Y=1250.000 Z=0.000) RuntimeGrid:None EditorOnly:0 RuntimeOnly:0 HLODRelevant:0
 |   |   |- Guid:7D8015DC4C0D6707106E2394CE75C5FA BaseClass: NativeClass:/Script/Engine.SkyAtmosphere Name:SkyAtmosphere_UAID_E0D55EB58B9F07A401_1195113614 Label:SkyAtmosphere SpatiallyLoaded:0 Bounds:IsValid=true, Min=(X=0.000 Y=0.000 Z=1020.000), Max=(X=0.000 Y=0.000 Z=1020.000) RuntimeGrid:None EditorOnly:0 RuntimeOnly:0 HLODRelevant:0 FolderPath:Lighting FolderGuid:963EC3EB4002CCE9759E2EBA541A873A
 |   |   |- Guid:83336C5E4E270D4C9EC43C96B21733B4 BaseClass:/Game/ThirdPerson/Blueprints/Grid_BP.Grid_BP_C NativeClass:/Script/Engine.Actor Name:Grid_BP_C_UAID_E0D55EB58B9F07A401_1195098604 Label:Grid_BP2 SpatiallyLoaded:1 Bounds:IsValid=true, Min=(X=1050.000 Y=850.000 Z=0.000), Max=(X=1050.000 Y=850.000 Z=0.000) RuntimeGrid:None EditorOnly:0 RuntimeOnly:0 HLODRelevant:0
 |   |   |- Guid:83738D4849BFB964F4C40582F448F911 BaseClass:/Game/ThirdPerson/Blueprints/Grid_BP.Grid_BP_C NativeClass:/Script/Engine.Actor Name:Grid_BP_C_UAID_E0D55EB58B9F07A401_1195095602 Label:Grid_BP13 SpatiallyLoaded:1 Bounds:IsValid=true, Min=(X=1450.000 Y=950.000 Z=0.000), Max=(X=1450.000 Y=950.000 Z=0.000) RuntimeGrid:None EditorOnly:0 RuntimeOnly:0 HLODRelevant:0
 |   |   |- Guid:83A4322545F05928D6F0E3A56D0DBEF9 BaseClass: NativeClass:/Script/Engine.StaticMeshActor Name:StaticMeshActor_UAID_E0D55EB58B9F07A401_1195121621 Label:SM_Cube6 SpatiallyLoaded:1 Bounds:IsValid=true, Min=(X=2900.000 Y=100.000 Z=0.000), Max=(X=3000.000 Y=3400.000 Z=400.000) RuntimeGrid:None EditorOnly:0 RuntimeOnly:0 HLODRelevant:1 FolderPath:Playground FolderGuid:C73F09FC4215536B1DCE2A9E0A830C70
 |   |   |- Guid:88A3D09C4484B93BDD06E9A21D06114D BaseClass:/Game/ThirdPerson/Blueprints/Grid_BP.Grid_BP_C NativeClass:/Script/Engine.Actor Name:Grid_BP_C_UAID_E0D55EB58B9F07A401_1195080591 Label:Grid_BP18 SpatiallyLoaded:1 Bounds:IsValid=true, Min=(X=1250.000 Y=1050.000 Z=0.000), Max=(X=1250.000 Y=1050.000 Z=0.000) RuntimeGrid:None EditorOnly:0 RuntimeOnly:0 HLODRelevant:0
 |   |   |- Guid:895BE730455F0825A50A789453938ED2 BaseClass: NativeClass:/Script/Engine.SkyLight Name:SkyLight_UAID_E0D55EB58B9F07A401_1195102607 Label:SkyLight SpatiallyLoaded:0 Bounds:IsValid=true, Min=(X=0.000 Y=0.000 Z=690.000), Max=(X=0.000 Y=0.000 Z=690.000) RuntimeGrid:None EditorOnly:0 RuntimeOnly:0 HLODRelevant:0 FolderPath:Lighting FolderGuid:963EC3EB4002CCE9759E2EBA541A873A
 |   |   |- Guid:8ADD9E794211F014431C4FBB5BDA62AA BaseClass:/Game/ThirdPerson/Blueprints/Enemy_BP.Enemy_BP_C NativeClass:/Script/Engine.Character Name:Enemy_BP_C_UAID_E0D55EB58B9F7AA401_1886370816 Label:Enemy_BP6 SpatiallyLoaded:1 Bounds:IsValid=true, Min=(X=1506.693 Y=414.291 Z=-424.000), Max=(X=2530.693 Y=1438.291 Z=600.000) RuntimeGrid:None EditorOnly:0 RuntimeOnly:0 HLODRelevant:0
 |   |   |- Guid:8D3BA056466A4FE6B4EFB1A94C2AD3AF BaseClass: NativeClass:/Script/Engine.StaticMeshActor Name:StaticMeshActor_UAID_E0D55EB58B9F07A401_1195112613 Label:Cube4 SpatiallyLoaded:1 Bounds:IsValid=true, Min=(X=700.000 Y=1400.000 Z=-60.000), Max=(X=1500.000 Y=1500.000 Z=40.000) RuntimeGrid:None EditorOnly:0 RuntimeOnly:0 HLODRelevant:1
 |   |   |- Guid:8F31477A4B15B54EA3D8C19AEC2FE01A BaseClass:/Game/ThirdPerson/Blueprints/Grid_BP.Grid_BP_C NativeClass:/Script/Engine.Actor Name:Grid_BP_C_UAID_E0D55EB58B9F07A401_1195120620 Label:Grid_BP41 SpatiallyLoaded:1 Bounds:IsValid=true, Min=(X=1450.000 Y=1350.000 Z=0.000), Max=(X=1450.000 Y=1350.000 Z=0.000) RuntimeGrid:None EditorOnly:0 RuntimeOnly:0 HLODRelevant:0
 |   |   |- Guid:92B0578E4B375FAD7841CCB99C23E2FB BaseClass:/Game/ThirdPerson/Blueprints/Grid_BP.Grid_BP_C NativeClass:/Script/Engine.Actor Name:Grid_BP_C_UAID_E0D55EB58B9F07A401_1195148641 Label:Grid_BP3 SpatiallyLoaded:1 Bounds:IsValid=true, Min=(X=1150.000 Y=850.000 Z=0.000), Max=(X=1150.000 Y=850.000 Z=0.000) RuntimeGrid:None EditorOnly:0 RuntimeOnly:0 HLODRelevant:0
 |   |   |- Guid:96111A41460D0E026FD7E9AAD9D53CA0 BaseClass:/Game/ThirdPerson/Blueprints/Grid_BP.Grid_BP_C NativeClass:/Script/Engine.Actor Name:Grid_BP_C_UAID_E0D55EB58B9F07A401_1195061582 Label:Grid_BP22 SpatiallyLoaded:1 Bounds:IsValid=true, Min=(X=950.000 Y=1150.000 Z=0.000), Max=(X=950.000 Y=1150.000 Z=0.000) RuntimeGrid:None EditorOnly:0 RuntimeOnly:0 HLODRelevant:0
 |   |   |- Guid:985A5D074B640AF786F5FA932EEF4692 BaseClass:/Game/ThirdPerson/Blueprints/Grid_BP.Grid_BP_C NativeClass:/Script/Engine.Actor Name:Grid_BP_C_UAID_E0D55EB58B9F07A401_1195054578 Label:Grid_BP8 SpatiallyLoaded:1 Bounds:IsValid=true, Min=(X=950.000 Y=950.000 Z=0.000), Max=(X=950.000 Y=950.000 Z=0.000) RuntimeGrid:None EditorOnly:0 RuntimeOnly:0 HLODRelevant:0
 |   |   |- Guid:9C408DE24ED8A130CDD6D39796987D6B BaseClass:/Game/ThirdPerson/Blueprints/Element_BP.Element_BP_C NativeClass:/Script/Engine.Actor Name:Element_BP_C_UAID_E0D55EB58B9F0AA401_1236406175 Label:Element_BP2 SpatiallyLoaded:1 Bounds:IsValid=true, Min=(X=1100.000 Y=1200.000 Z=-50.000), Max=(X=1200.000 Y=1300.000 Z=50.000) RuntimeGrid:None EditorOnly:0 RuntimeOnly:0 HLODRelevant:0
 |   |   |- Guid:9C5A802549EC2B1552FE6AA155853651 BaseClass:/Game/ThirdPerson/Blueprints/Element_BP.Element_BP_C NativeClass:/Script/Engine.Actor Name:Element_BP_C_UAID_E0D55EB58B9F52A401_1526389776 Label:Element_BP6 SpatiallyLoaded:1 Bounds:IsValid=true, Min=(X=1096.986 Y=900.280 Z=-50.000), Max=(X=1196.986 Y=1000.280 Z=50.000) RuntimeGrid:None EditorOnly:0 RuntimeOnly:0 HLODRelevant:0
 |   |   |- Guid:A2AB3F0A459F099F952C54B9526796A7 BaseClass:/Game/ThirdPerson/Blueprints/Grid_BP.Grid_BP_C NativeClass:/Script/Engine.Actor Name:Grid_BP_C_UAID_E0D55EB58B9F07A401_1195052576 Label:Grid_BP9 SpatiallyLoaded:1 Bounds:IsValid=true, Min=(X=1050.000 Y=950.000 Z=0.000), Max=(X=1050.000 Y=950.000 Z=0.000) RuntimeGrid:None EditorOnly:0 RuntimeOnly:0 HLODRelevant:0
 |   |   |- Guid:A4A3EF84450A58F53A4B209F6D21BFF4 BaseClass:/Game/ThirdPerson/Blueprints/Grid_BP.Grid_BP_C NativeClass:/Script/Engine.Actor Name:Grid_BP_C_UAID_E0D55EB58B9F07A401_1195062583 Label:Grid_BP39 SpatiallyLoaded:1 Bounds:IsValid=true, Min=(X=1250.000 Y=1350.000 Z=0.000), Max=(X=1250.000 Y=1350.000 Z=0.000) RuntimeGrid:None EditorOnly:0 RuntimeOnly:0 HLODRelevant:0
 |   |   |- Guid:A4E4243942ED4F9366B0D39624D52E61 BaseClass:/Game/ThirdPerson/Blueprints/Grid_BP.Grid_BP_C NativeClass:/Script/Engine.Actor Name:Grid_BP_C_UAID_E0D55EB58B9F07A401_1195089598 Label:Grid_BP11 SpatiallyLoaded:1 Bounds:IsValid=true, Min=(X=1250.000 Y=950.000 Z=0.000), Max=(X=1250.000 Y=950.000 Z=0.000) RuntimeGrid:None EditorOnly:0 RuntimeOnly:0 HLODRelevant:0
 |   |   |- Guid:AE16A2D64C030D3E67C33688DEC368F8 BaseClass:/Game/ThirdPerson/Blueprints/Grid_BP.Grid_BP_C NativeClass:/Script/Engine.Actor Name:Grid_BP_C_UAID_E0D55EB58B9F07A401_1195107611 Label:Grid_BP19 SpatiallyLoaded:1 Bounds:IsValid=true, Min=(X=1350.000 Y=1050.000 Z=0.000), Max=(X=1350.000 Y=1050.000 Z=0.000) RuntimeGrid:None EditorOnly:0 RuntimeOnly:0 HLODRelevant:0
 |   |   |- Guid:B157BA7F47CABD27322F72AB669E9464 BaseClass: NativeClass:/Script/Engine.StaticMeshActor Name:StaticMeshActor_UAID_E0D55EB58B9F07A401_1195086596 Label:SM_SkySphere SpatiallyLoaded:0 Bounds:IsValid=true, Min=(X=-1638400.000 Y=-1638400.000 Z=-1638400.000), Max=(X=1638400.000 Y=1638400.000 Z=1638400.000) RuntimeGrid:None EditorOnly:0 RuntimeOnly:0 HLODRelevant:1 FolderPath:Lighting FolderGuid:963EC3EB4002CCE9759E2EBA541A873A
 |   |   |- Guid:B1E10E3442419331A844CEAAC4887065 BaseClass:/Game/ThirdPerson/Blueprints/Grid_BP.Grid_BP_C NativeClass:/Script/Engine.Actor Name:Grid_BP_C_UAID_E0D55EB58B9F07A401_1195129627 Label:Grid_BP17 SpatiallyLoaded:1 Bounds:IsValid=true, Min=(X=1150.000 Y=1050.000 Z=0.000), Max=(X=1150.000 Y=1050.000 Z=0.000) RuntimeGrid:None EditorOnly:0 RuntimeOnly:0 HLODRelevant:0
 |   |   |- Guid:B69D347B4D438C4AC70207AA7632B88F BaseClass:/Game/ThirdPerson/Blueprints/Element_BP.Element_BP_C NativeClass:/Script/Engine.Actor Name:Element_BP_C_UAID_E0D55EB58B9F0AA401_1236372173 Label:Element_BP SpatiallyLoaded:1 Bounds:IsValid=true, Min=(X=1400.000 Y=1100.000 Z=-50.000), Max=(X=1500.000 Y=1200.000 Z=50.000) RuntimeGrid:None EditorOnly:0 RuntimeOnly:0 HLODRelevant:0
 |   |   |- Guid:C2C50A424104D319B2FAF69AF77EE566 BaseClass: NativeClass:/Script/Engine.ExponentialHeightFog Name:ExponentialHeightFog_UAID_E0D55EB58B9F07A401_1195126625 Label:ExponentialHeightFog SpatiallyLoaded:0 Bounds:IsValid=true, Min=(X=-5600.000 Y=-50.000 Z=-6850.000), Max=(X=-5600.000 Y=-50.000 Z=-6850.000) RuntimeGrid:None EditorOnly:0 RuntimeOnly:0 HLODRelevant:0 FolderPath:Lighting FolderGuid:963EC3EB4002CCE9759E2EBA541A873A
 |   |   |- Guid:C991008347B7A13B1C823882785D4C6A BaseClass:/Game/ThirdPerson/Blueprints/Element_BP.Element_BP_C NativeClass:/Script/Engine.Actor Name:Element_BP_C_UAID_E0D55EB58B9F0AA401_1236404174 Label:Element_BP3 SpatiallyLoaded:1 Bounds:IsValid=true, Min=(X=1300.000 Y=800.000 Z=-50.000), Max=(X=1400.000 Y=900.000 Z=50.000) RuntimeGrid:None EditorOnly:0 RuntimeOnly:0 HLODRelevant:0
 |   |   |- Guid:CE8846104AD52B390F827394BA127177 BaseClass:/Game/ThirdPerson/Blueprints/Grid_BP.Grid_BP_C NativeClass:/Script/Engine.Actor Name:Grid_BP_C_UAID_E0D55EB58B9F07A401_1195117617 Label:Grid_BP34 SpatiallyLoaded:1 Bounds:IsValid=true, Min=(X=1450.000 Y=1250.000 Z=0.000), Max=(X=1450.000 Y=1250.000 Z=0.000) RuntimeGrid:None EditorOnly:0 RuntimeOnly:0 HLODRelevant:0
 |   |   |- Guid:D5B35C7C4E6391879318DAB0772FE684 BaseClass:/Game/ThirdPerson/Blueprints/Grid_BP.Grid_BP_C NativeClass:/Script/Engine.Actor Name:Grid_BP_C_UAID_E0D55EB58B9F07A401_1195101606 Label:Grid_BP12 SpatiallyLoaded:1 Bounds:IsValid=true, Min=(X=1350.000 Y=950.000 Z=0.000), Max=(X=1350.000 Y=950.000 Z=0.000) RuntimeGrid:None EditorOnly:0 RuntimeOnly:0 HLODRelevant:0
 |   |   |- Guid:DB15EFE54F338BC1089887A08D57F025 BaseClass:/Game/ThirdPerson/Blueprints/Grid_BP.Grid_BP_C NativeClass:/Script/Engine.Actor Name:Grid_BP_C_UAID_E0D55EB58B9F07A401_1195105609 Label:Grid_BP1 SpatiallyLoaded:1 Bounds:IsValid=true, Min=(X=950.000 Y=850.000 Z=0.000), Max=(X=950.000 Y=850.000 Z=0.000) RuntimeGrid:None EditorOnly:0 RuntimeOnly:0 HLODRelevant:0
 |   |   |- Guid:EC45A2DA4E731A8CCCFA7DA56A860A71 BaseClass:/Game/ThirdPerson/Blueprints/Grid_BP.Grid_BP_C NativeClass:/Script/Engine.Actor Name:Grid_BP_C_UAID_E0D55EB58B9F07A401_1195085595 Label:Grid_BP33 SpatiallyLoaded:1 Bounds:IsValid=true, Min=(X=1350.000 Y=1250.000 Z=0.000), Max=(X=1350.000 Y=1250.000 Z=0.000) RuntimeGrid:None EditorOnly:0 RuntimeOnly:0 HLODRelevant:0
 |   |   |- Guid:EC5EF00F4DBB115AC72857ADD023C3E0 BaseClass: NativeClass:/Script/Engine.StaticMeshActor Name:StaticMeshActor_UAID_E0D55EB58B9F07A401_1195123622 Label:SM_Cube3 SpatiallyLoaded:1 Bounds:IsValid=true, Min=(X=0.000 Y=3400.000 Z=0.000), Max=(X=3000.000 Y=3500.000 Z=400.000) RuntimeGrid:None EditorOnly:0 RuntimeOnly:0 HLODRelevant:1 FolderPath:Playground FolderGuid:C73F09FC4215536B1DCE2A9E0A830C70
 |   |   |- Guid:EF75C6D44F542F08899C959891C74FE2 BaseClass:/Game/ThirdPerson/Blueprints/Grid_BP.Grid_BP_C NativeClass:/Script/Engine.Actor Name:Grid_BP_C_UAID_E0D55EB58B9F07A401_1195057580 Label:Grid_BP27 SpatiallyLoaded:1 Bounds:IsValid=true, Min=(X=1450.000 Y=1150.000 Z=0.000), Max=(X=1450.000 Y=1150.000 Z=0.000) RuntimeGrid:None EditorOnly:0 RuntimeOnly:0 HLODRelevant:0
 |   |   |- Guid:F7469F3C484C5AF3F31F34968E438EA3 BaseClass:/Game/ThirdPerson/Blueprints/Element_BP.Element_BP_C NativeClass:/Script/Engine.Actor Name:Element_BP_C_UAID_E0D55EB58B9F52A401_1518898775 Label:Element_BP5 SpatiallyLoaded:1 Bounds:IsValid=true, Min=(X=1096.986 Y=800.000 Z=-50.000), Max=(X=1196.986 Y=900.000 Z=50.000) RuntimeGrid:None EditorOnly:0 RuntimeOnly:0 HLODRelevant:0
 |   |   |- Guid:FE6F98B846888554538BDD9C2D63EE83 BaseClass:/Game/ThirdPerson/Blueprints/Grid_BP.Grid_BP_C NativeClass:/Script/Engine.Actor Name:Grid_BP_C_UAID_E0D55EB58B9F07A401_1195116616 Label:Grid_BP32 SpatiallyLoaded:1 Bounds:IsValid=true, Min=(X=1250.000 Y=1250.000 Z=0.000), Max=(X=1250.000 Y=1250.000 Z=0.000) RuntimeGrid:None EditorOnly:0 RuntimeOnly:0 HLODRelevant:0
 |   |- [+] Clusters:
 |   |   |- [+] [  0]
 |   |   |   |- Guid:3749639C420629A6AB673B8FB5D625DC BaseClass:/Game/ThirdPerson/Blueprints/Grid_BP.Grid_BP_C NativeClass:/Script/Engine.Actor Name:Grid_BP_C_UAID_E0D55EB58B9F07A401_1195149642 Label:Grid_BP30 SpatiallyLoaded:1 Bounds:IsValid=true, Min=(X=1050.000 Y=1250.000 Z=0.000), Max=(X=1050.000 Y=1250.000 Z=0.000) RuntimeGrid:None EditorOnly:0 RuntimeOnly:0 HLODRelevant:0
 |   |   |- [+] [  1]
 |   |   |   |- Guid:6BAF4DDD444C60371492D3919DB42C97 BaseClass: NativeClass:/Script/Engine.WorldDataLayers Name:WorldDataLayers Label:WorldDataLayers SpatiallyLoaded:0 Bounds:IsValid=true, Min=(X=0.000 Y=0.000 Z=0.000), Max=(X=0.000 Y=0.000 Z=0.000) RuntimeGrid:None EditorOnly:0 RuntimeOnly:0 HLODRelevant:0
 |   |   |- [+] [  2]
 |   |   |   |- Guid:72D3163E42795C93DDEFF8921AB0EB2C BaseClass: NativeClass:/Script/Engine.StaticMeshActor Name:StaticMeshActor_UAID_E0D55EB58B9F07A401_1195084594 Label:SM_Cube2 SpatiallyLoaded:1 Bounds:IsValid=true, Min=(X=0.000 Y=0.000 Z=0.000), Max=(X=3000.000 Y=100.000 Z=400.000) RuntimeGrid:None EditorOnly:0 RuntimeOnly:0 HLODRelevant:1 FolderPath:Playground FolderGuid:C73F09FC4215536B1DCE2A9E0A830C70
 |   |   |- [+] [  3]
 |   |   |   |- Guid:60246074490B1E11A628178F07424005 BaseClass: NativeClass:/Script/Engine.StaticMeshActor Name:StaticMeshActor_UAID_E0D55EB58B9F07A401_1195094601 Label:Cube2 SpatiallyLoaded:1 Bounds:IsValid=true, Min=(X=700.000 Y=700.000 Z=-60.000), Max=(X=800.000 Y=1500.000 Z=40.000) RuntimeGrid:None EditorOnly:0 RuntimeOnly:0 HLODRelevant:1
 |   |   |- [+] [  4]
 |   |   |   |- Guid:7D8015DC4C0D6707106E2394CE75C5FA BaseClass: NativeClass:/Script/Engine.SkyAtmosphere Name:SkyAtmosphere_UAID_E0D55EB58B9F07A401_1195113614 Label:SkyAtmosphere SpatiallyLoaded:0 Bounds:IsValid=true, Min=(X=0.000 Y=0.000 Z=1020.000), Max=(X=0.000 Y=0.000 Z=1020.000) RuntimeGrid:None EditorOnly:0 RuntimeOnly:0 HLODRelevant:0 FolderPath:Lighting FolderGuid:963EC3EB4002CCE9759E2EBA541A873A
 |   |   |- [+] [  5]
 |   |   |   |- Guid:5634FBA949D0E80E29F1F1808DB46A9D BaseClass:/Game/ThirdPerson/Blueprints/Grid_BP.Grid_BP_C NativeClass:/Script/Engine.Actor Name:Grid_BP_C_UAID_E0D55EB58B9F07A401_1195103608 Label:Grid_BP40 SpatiallyLoaded:1 Bounds:IsValid=true, Min=(X=1350.000 Y=1350.000 Z=0.000), Max=(X=1350.000 Y=1350.000 Z=0.000) RuntimeGrid:None EditorOnly:0 RuntimeOnly:0 HLODRelevant:0
 |   |   |- [+] [  6]
 |   |   |   |- Guid:EC45A2DA4E731A8CCCFA7DA56A860A71 BaseClass:/Game/ThirdPerson/Blueprints/Grid_BP.Grid_BP_C NativeClass:/Script/Engine.Actor Name:Grid_BP_C_UAID_E0D55EB58B9F07A401_1195085595 Label:Grid_BP33 SpatiallyLoaded:1 Bounds:IsValid=true, Min=(X=1350.000 Y=1250.000 Z=0.000), Max=(X=1350.000 Y=1250.000 Z=0.000) RuntimeGrid:None EditorOnly:0 RuntimeOnly:0 HLODRelevant:0
 |   |   |- [+] [  7]
 |   |   |   |- Guid:3FC905534880AD629A09969D5CDEA69E BaseClass: NativeClass:/Script/Engine.PostProcessVolume Name:PostProcessVolume_UAID_E0D55EB58B9F07A401_1195063584 Label:PostProcessVolume SpatiallyLoaded:0 Bounds:IsValid=true, Min=(X=0.000 Y=0.000 Z=400.000), Max=(X=200.000 Y=200.000 Z=600.000) RuntimeGrid:None EditorOnly:0 RuntimeOnly:0 HLODRelevant:0 FolderPath:Lighting FolderGuid:963EC3EB4002CCE9759E2EBA541A873A
 |   |   |- [+] [  8]
 |   |   |   |- Guid:83738D4849BFB964F4C40582F448F911 BaseClass:/Game/ThirdPerson/Blueprints/Grid_BP.Grid_BP_C NativeClass:/Script/Engine.Actor Name:Grid_BP_C_UAID_E0D55EB58B9F07A401_1195095602 Label:Grid_BP13 SpatiallyLoaded:1 Bounds:IsValid=true, Min=(X=1450.000 Y=950.000 Z=0.000), Max=(X=1450.000 Y=950.000 Z=0.000) RuntimeGrid:None EditorOnly:0 RuntimeOnly:0 HLODRelevant:0
 |   |   |- [+] [  9]
 |   |   |   |- Guid:8ADD9E794211F014431C4FBB5BDA62AA BaseClass:/Game/ThirdPerson/Blueprints/Enemy_BP.Enemy_BP_C NativeClass:/Script/Engine.Character Name:Enemy_BP_C_UAID_E0D55EB58B9F7AA401_1886370816 Label:Enemy_BP6 SpatiallyLoaded:1 Bounds:IsValid=true, Min=(X=1506.693 Y=414.291 Z=-424.000), Max=(X=2530.693 Y=1438.291 Z=600.000) RuntimeGrid:None EditorOnly:0 RuntimeOnly:0 HLODRelevant:0
 |   |   |- [+] [ 10]
 |   |   |   |- Guid:0A551708431A8252BEFCA1A24B0534B0 BaseClass:/Game/ThirdPerson/Blueprints/Grid_BP.Grid_BP_C NativeClass:/Script/Engine.Actor Name:Grid_BP_C_UAID_E0D55EB58B9F07A401_1195141635 Label:Grid_BP5 SpatiallyLoaded:1 Bounds:IsValid=true, Min=(X=1350.000 Y=850.000 Z=0.000), Max=(X=1350.000 Y=850.000 Z=0.000) RuntimeGrid:None EditorOnly:0 RuntimeOnly:0 HLODRelevant:0
 |   |   |- [+] [ 11]
 |   |   |   |- Guid:54FA861346D21A71FCA51183246DFA18 BaseClass:/Game/ThirdPerson/Blueprints/Grid_BP.Grid_BP_C NativeClass:/Script/Engine.Actor Name:Grid_BP_C_UAID_E0D55EB58B9F07A401_1195127626 Label:Grid_BP36 SpatiallyLoaded:1 Bounds:IsValid=true, Min=(X=950.000 Y=1350.000 Z=0.000), Max=(X=950.000 Y=1350.000 Z=0.000) RuntimeGrid:None EditorOnly:0 RuntimeOnly:0 HLODRelevant:0
 |   |   |- [+] [ 12]
 |   |   |   |- Guid:5D82E7F14C6CF68C6AD8358B71C4E0F2 BaseClass:/Game/ThirdPerson/Blueprints/Grid_BP.Grid_BP_C NativeClass:/Script/Engine.Actor Name:Grid_BP_C_UAID_E0D55EB58B9F07A401_1195073585 Label:Grid_BP37 SpatiallyLoaded:1 Bounds:IsValid=true, Min=(X=1050.000 Y=1350.000 Z=0.000), Max=(X=1050.000 Y=1350.000 Z=0.000) RuntimeGrid:None EditorOnly:0 RuntimeOnly:0 HLODRelevant:0
 |   |   |- [+] [ 13]
 |   |   |   |- Guid:AE16A2D64C030D3E67C33688DEC368F8 BaseClass:/Game/ThirdPerson/Blueprints/Grid_BP.Grid_BP_C NativeClass:/Script/Engine.Actor Name:Grid_BP_C_UAID_E0D55EB58B9F07A401_1195107611 Label:Grid_BP19 SpatiallyLoaded:1 Bounds:IsValid=true, Min=(X=1350.000 Y=1050.000 Z=0.000), Max=(X=1350.000 Y=1050.000 Z=0.000) RuntimeGrid:None EditorOnly:0 RuntimeOnly:0 HLODRelevant:0
 |   |   |- [+] [ 14]
 |   |   |   |- Guid:C991008347B7A13B1C823882785D4C6A BaseClass:/Game/ThirdPerson/Blueprints/Element_BP.Element_BP_C NativeClass:/Script/Engine.Actor Name:Element_BP_C_UAID_E0D55EB58B9F0AA401_1236404174 Label:Element_BP3 SpatiallyLoaded:1 Bounds:IsValid=true, Min=(X=1300.000 Y=800.000 Z=-50.000), Max=(X=1400.000 Y=900.000 Z=50.000) RuntimeGrid:None EditorOnly:0 RuntimeOnly:0 HLODRelevant:0
 |   |   |- [+] [ 15]
 |   |   |   |- Guid:2CFA310140389044812E96AFB0C370AF BaseClass: NativeClass:/Script/Engine.DirectionalLight Name:DirectionalLight_UAID_E0D55EB58B9F07A401_1195074586 Label:DirectionalLight SpatiallyLoaded:0 Bounds:IsValid=true, Min=(X=-4398046511104.000 Y=-4398046511104.000 Z=-4398046511104.000), Max=(X=4398046511104.000 Y=4398046511104.000 Z=4398046511104.000) RuntimeGrid:None EditorOnly:0 RuntimeOnly:0 HLODRelevant:0 FolderPath:Lighting FolderGuid:963EC3EB4002CCE9759E2EBA541A873A
 |   |   |- [+] [ 16]
 |   |   |   |- Guid:A4A3EF84450A58F53A4B209F6D21BFF4 BaseClass:/Game/ThirdPerson/Blueprints/Grid_BP.Grid_BP_C NativeClass:/Script/Engine.Actor Name:Grid_BP_C_UAID_E0D55EB58B9F07A401_1195062583 Label:Grid_BP39 SpatiallyLoaded:1 Bounds:IsValid=true, Min=(X=1250.000 Y=1350.000 Z=0.000), Max=(X=1250.000 Y=1350.000 Z=0.000) RuntimeGrid:None EditorOnly:0 RuntimeOnly:0 HLODRelevant:0
 |   |   |- [+] [ 17]
 |   |   |   |- Guid:4643EE6345DD2868E069F282C1522507 BaseClass:/Game/ThirdPerson/Blueprints/Grid_BP.Grid_BP_C NativeClass:/Script/Engine.Actor Name:Grid_BP_C_UAID_E0D55EB58B9F07A401_1195114615 Label:Grid_BP14 SpatiallyLoaded:1 Bounds:IsValid=true, Min=(X=850.000 Y=1050.000 Z=0.000), Max=(X=850.000 Y=1050.000 Z=0.000) RuntimeGrid:None EditorOnly:0 RuntimeOnly:0 HLODRelevant:0
 |   |   |- [+] [ 18]
 |   |   |   |- Guid:327AA66D4246A9D5C7911E95FE979563 BaseClass:/Game/ThirdPerson/Blueprints/Grid_BP.Grid_BP_C NativeClass:/Script/Engine.Actor Name:Grid_BP_C_UAID_E0D55EB58B9F07A401_1195124623 Label:Grid_BP15 SpatiallyLoaded:1 Bounds:IsValid=true, Min=(X=950.000 Y=1050.000 Z=0.000), Max=(X=950.000 Y=1050.000 Z=0.000) RuntimeGrid:None EditorOnly:0 RuntimeOnly:0 HLODRelevant:0
 |   |   |- [+] [ 19]
 |   |   |   |- Guid:120E2C274248DF5591C3C7B5AA9887DD BaseClass:/Game/ThirdPerson/Blueprints/Grid_BP.Grid_BP_C NativeClass:/Script/Engine.Actor Name:Grid_BP_C_UAID_E0D55EB58B9F07A401_1195106610 Label:Grid_BP35 SpatiallyLoaded:1 Bounds:IsValid=true, Min=(X=850.000 Y=1350.000 Z=0.000), Max=(X=850.000 Y=1350.000 Z=0.000) RuntimeGrid:None EditorOnly:0 RuntimeOnly:0 HLODRelevant:0
 |   |   |- [+] [ 20]
 |   |   |   |- Guid:1A1810FD4CBCF936060AC6A16A36C68B BaseClass:/Game/ThirdPerson/Blueprints/Grid_BP.Grid_BP_C NativeClass:/Script/Engine.Actor Name:Grid_BP_C_UAID_E0D55EB58B9F07A401_1195093600 Label:Grid_BP38 SpatiallyLoaded:1 Bounds:IsValid=true, Min=(X=1150.000 Y=1350.000 Z=0.000), Max=(X=1150.000 Y=1350.000 Z=0.000) RuntimeGrid:None EditorOnly:0 RuntimeOnly:0 HLODRelevant:0
 |   |   |- [+] [ 21]
 |   |   |   |- Guid:A2AB3F0A459F099F952C54B9526796A7 BaseClass:/Game/ThirdPerson/Blueprints/Grid_BP.Grid_BP_C NativeClass:/Script/Engine.Actor Name:Grid_BP_C_UAID_E0D55EB58B9F07A401_1195052576 Label:Grid_BP9 SpatiallyLoaded:1 Bounds:IsValid=true, Min=(X=1050.000 Y=950.000 Z=0.000), Max=(X=1050.000 Y=950.000 Z=0.000) RuntimeGrid:None EditorOnly:0 RuntimeOnly:0 HLODRelevant:0
 |   |   |- [+] [ 22]
 |   |   |   |- Guid:5D8D8A1A43FBEA0DBCB924B69D1CE624 BaseClass: NativeClass:/Script/Engine.VolumetricCloud Name:VolumetricCloud_UAID_E0D55EB58B9F07A401_1195078589 Label:VolumetricCloud SpatiallyLoaded:0 Bounds:IsValid=true, Min=(X=0.000 Y=0.000 Z=820.000), Max=(X=0.000 Y=0.000 Z=820.000) RuntimeGrid:None EditorOnly:0 RuntimeOnly:0 HLODRelevant:0 FolderPath:Lighting FolderGuid:963EC3EB4002CCE9759E2EBA541A873A
 |   |   |- [+] [ 23]
 |   |   |   |- Guid:53C14BEC46782708918758BCD700F21D BaseClass:/Game/ThirdPerson/Blueprints/Grid_BP.Grid_BP_C NativeClass:/Script/Engine.Actor Name:Grid_BP_C_UAID_E0D55EB58B9F07A401_1195076587 Label:Grid_BP29 SpatiallyLoaded:1 Bounds:IsValid=true, Min=(X=950.000 Y=1250.000 Z=0.000), Max=(X=950.000 Y=1250.000 Z=0.000) RuntimeGrid:None EditorOnly:0 RuntimeOnly:0 HLODRelevant:0
 |   |   |- [+] [ 24]
 |   |   |   |- Guid:FE6F98B846888554538BDD9C2D63EE83 BaseClass:/Game/ThirdPerson/Blueprints/Grid_BP.Grid_BP_C NativeClass:/Script/Engine.Actor Name:Grid_BP_C_UAID_E0D55EB58B9F07A401_1195116616 Label:Grid_BP32 SpatiallyLoaded:1 Bounds:IsValid=true, Min=(X=1250.000 Y=1250.000 Z=0.000), Max=(X=1250.000 Y=1250.000 Z=0.000) RuntimeGrid:None EditorOnly:0 RuntimeOnly:0 HLODRelevant:0
 |   |   |- [+] [ 25]
 |   |   |   |- Guid:38EA27054BA3C4CE61BAAB829714A0CC BaseClass:/Game/ThirdPerson/Blueprints/Grid_BP.Grid_BP_C NativeClass:/Script/Engine.Actor Name:Grid_BP_C_UAID_E0D55EB58B9F07A401_1195132629 Label:Grid_BP0 SpatiallyLoaded:1 Bounds:IsValid=true, Min=(X=850.000 Y=850.000 Z=0.000), Max=(X=850.000 Y=850.000 Z=0.000) RuntimeGrid:None EditorOnly:0 RuntimeOnly:0 HLODRelevant:0
 |   |   |- [+] [ 26]
 |   |   |   |- Guid:83A4322545F05928D6F0E3A56D0DBEF9 BaseClass: NativeClass:/Script/Engine.StaticMeshActor Name:StaticMeshActor_UAID_E0D55EB58B9F07A401_1195121621 Label:SM_Cube6 SpatiallyLoaded:1 Bounds:IsValid=true, Min=(X=2900.000 Y=100.000 Z=0.000), Max=(X=3000.000 Y=3400.000 Z=400.000) RuntimeGrid:None EditorOnly:0 RuntimeOnly:0 HLODRelevant:1 FolderPath:Playground FolderGuid:C73F09FC4215536B1DCE2A9E0A830C70
 |   |   |- [+] [ 27]
 |   |   |   |- Guid:C2C50A424104D319B2FAF69AF77EE566 BaseClass: NativeClass:/Script/Engine.ExponentialHeightFog Name:ExponentialHeightFog_UAID_E0D55EB58B9F07A401_1195126625 Label:ExponentialHeightFog SpatiallyLoaded:0 Bounds:IsValid=true, Min=(X=-5600.000 Y=-50.000 Z=-6850.000), Max=(X=-5600.000 Y=-50.000 Z=-6850.000) RuntimeGrid:None EditorOnly:0 RuntimeOnly:0 HLODRelevant:0 FolderPath:Lighting FolderGuid:963EC3EB4002CCE9759E2EBA541A873A
 |   |   |- [+] [ 28]
 |   |   |   |- Guid:9C408DE24ED8A130CDD6D39796987D6B BaseClass:/Game/ThirdPerson/Blueprints/Element_BP.Element_BP_C NativeClass:/Script/Engine.Actor Name:Element_BP_C_UAID_E0D55EB58B9F0AA401_1236406175 Label:Element_BP2 SpatiallyLoaded:1 Bounds:IsValid=true, Min=(X=1100.000 Y=1200.000 Z=-50.000), Max=(X=1200.000 Y=1300.000 Z=50.000) RuntimeGrid:None EditorOnly:0 RuntimeOnly:0 HLODRelevant:0
 |   |   |- [+] [ 29]
 |   |   |   |- Guid:5EE009C848CED82E3C178992FE767771 BaseClass:/Game/ThirdPerson/Blueprints/Grid_BP.Grid_BP_C NativeClass:/Script/Engine.Actor Name:Grid_BP_C_UAID_E0D55EB58B9F07A401_1195134631 Label:Grid_BP6 SpatiallyLoaded:1 Bounds:IsValid=true, Min=(X=1450.000 Y=850.000 Z=0.000), Max=(X=1450.000 Y=850.000 Z=0.000) RuntimeGrid:None EditorOnly:0 RuntimeOnly:0 HLODRelevant:0
 |   |   |- [+] [ 30]
 |   |   |   |- Guid:B157BA7F47CABD27322F72AB669E9464 BaseClass: NativeClass:/Script/Engine.StaticMeshActor Name:StaticMeshActor_UAID_E0D55EB58B9F07A401_1195086596 Label:SM_SkySphere SpatiallyLoaded:0 Bounds:IsValid=true, Min=(X=-1638400.000 Y=-1638400.000 Z=-1638400.000), Max=(X=1638400.000 Y=1638400.000 Z=1638400.000) RuntimeGrid:None EditorOnly:0 RuntimeOnly:0 HLODRelevant:1 FolderPath:Lighting FolderGuid:963EC3EB4002CCE9759E2EBA541A873A
 |   |   |- [+] [ 31]
 |   |   |   |- Guid:0663F5D74A7E6F79A6FE539684A5D481 BaseClass:/Game/ThirdPerson/Blueprints/Grid_BP.Grid_BP_C NativeClass:/Script/Engine.Actor Name:Grid_BP_C_UAID_E0D55EB58B9F07A401_1195142636 Label:Grid_BP20 SpatiallyLoaded:1 Bounds:IsValid=true, Min=(X=1450.000 Y=1050.000 Z=0.000), Max=(X=1450.000 Y=1050.000 Z=0.000) RuntimeGrid:None EditorOnly:0 RuntimeOnly:0 HLODRelevant:0
 |   |   |- [+] [ 32]
 |   |   |   |- Guid:248830E24CD0CEF5AB369387F87A5251 BaseClass:/Game/ThirdPerson/Blueprints/GridManager_BP.GridManager_BP_C NativeClass:/Script/Engine.Actor Name:GridManager_BP_C_UAID_E0D55EB58B9F07A401_1601912644 Label:GridManager_BP SpatiallyLoaded:1 Bounds:IsValid=true, Min=(X=1629.175 Y=810.000 Z=0.000), Max=(X=2130.825 Y=810.000 Z=97.335) RuntimeGrid:None EditorOnly:0 RuntimeOnly:0 HLODRelevant:0
 |   |   |- [+] [ 33]
 |   |   |   |- Guid:3062AEFA409EC5543446EA9A02A79D19 BaseClass:/Game/ThirdPerson/Blueprints/Grid_BP.Grid_BP_C NativeClass:/Script/Engine.Actor Name:Grid_BP_C_UAID_E0D55EB58B9F07A401_1195083593 Label:Grid_BP4 SpatiallyLoaded:1 Bounds:IsValid=true, Min=(X=1250.000 Y=850.000 Z=0.000), Max=(X=1250.000 Y=850.000 Z=0.000) RuntimeGrid:None EditorOnly:0 RuntimeOnly:0 HLODRelevant:0
 |   |   |- [+] [ 34]
 |   |   |   |- Guid:63225E2E4AFA83AD036916A1FFFB2C33 BaseClass:/Game/ThirdPerson/Blueprints/Grid_BP.Grid_BP_C NativeClass:/Script/Engine.Actor Name:Grid_BP_C_UAID_E0D55EB58B9F07A401_1195097603 Label:Grid_BP7 SpatiallyLoaded:1 Bounds:IsValid=true, Min=(X=850.000 Y=950.000 Z=0.000), Max=(X=850.000 Y=950.000 Z=0.000) RuntimeGrid:None EditorOnly:0 RuntimeOnly:0 HLODRelevant:0
 |   |   |- [+] [ 35]
 |   |   |   |- Guid:2087F1A64C2CE21976EB34930E8E5EF1 BaseClass:/Game/ThirdPerson/Blueprints/Grid_BP.Grid_BP_C NativeClass:/Script/Engine.Actor Name:Grid_BP_C_UAID_E0D55EB58B9F07A401_1195145639 Label:Grid_BP26 SpatiallyLoaded:1 Bounds:IsValid=true, Min=(X=1350.000 Y=1150.000 Z=0.000), Max=(X=1350.000 Y=1150.000 Z=0.000) RuntimeGrid:None EditorOnly:0 RuntimeOnly:0 HLODRelevant:0
 |   |   |- [+] [ 36]
 |   |   |   |- Guid:9C5A802549EC2B1552FE6AA155853651 BaseClass:/Game/ThirdPerson/Blueprints/Element_BP.Element_BP_C NativeClass:/Script/Engine.Actor Name:Element_BP_C_UAID_E0D55EB58B9F52A401_1526389776 Label:Element_BP6 SpatiallyLoaded:1 Bounds:IsValid=true, Min=(X=1096.986 Y=900.280 Z=-50.000), Max=(X=1196.986 Y=1000.280 Z=50.000) RuntimeGrid:None EditorOnly:0 RuntimeOnly:0 HLODRelevant:0
 |   |   |- [+] [ 37]
 |   |   |   |- Guid:0135491449E2B444B54743B1C8D9DDA5 BaseClass: NativeClass:/Script/Engine.PlayerStart Name:PlayerStart_UAID_E0D55EB58B9F07A401_1195138633 Label:PlayerStart SpatiallyLoaded:0 Bounds:IsValid=true, Min=(X=860.000 Y=1820.000 Z=0.013), Max=(X=940.000 Y=1900.000 Z=184.013) RuntimeGrid:None EditorOnly:0 RuntimeOnly:0 HLODRelevant:0
 |   |   |- [+] [ 38]
 |   |   |   |- Guid:7D51701A4A44A0E0D15A94B2A3434DDC BaseClass:/Game/ThirdPerson/Blueprints/Grid_BP.Grid_BP_C NativeClass:/Script/Engine.Actor Name:Grid_BP_C_UAID_E0D55EB58B9F07A401_1195087597 Label:Grid_BP28 SpatiallyLoaded:1 Bounds:IsValid=true, Min=(X=850.000 Y=1250.000 Z=0.000), Max=(X=850.000 Y=1250.000 Z=0.000) RuntimeGrid:None EditorOnly:0 RuntimeOnly:0 HLODRelevant:0
 |   |   |- [+] [ 39]
 |   |   |   |- Guid:985A5D074B640AF786F5FA932EEF4692 BaseClass:/Game/ThirdPerson/Blueprints/Grid_BP.Grid_BP_C NativeClass:/Script/Engine.Actor Name:Grid_BP_C_UAID_E0D55EB58B9F07A401_1195054578 Label:Grid_BP8 SpatiallyLoaded:1 Bounds:IsValid=true, Min=(X=950.000 Y=950.000 Z=0.000), Max=(X=950.000 Y=950.000 Z=0.000) RuntimeGrid:None EditorOnly:0 RuntimeOnly:0 HLODRelevant:0
 |   |   |- [+] [ 40]
 |   |   |   |- Guid:EC5EF00F4DBB115AC72857ADD023C3E0 BaseClass: NativeClass:/Script/Engine.StaticMeshActor Name:StaticMeshActor_UAID_E0D55EB58B9F07A401_1195123622 Label:SM_Cube3 SpatiallyLoaded:1 Bounds:IsValid=true, Min=(X=0.000 Y=3400.000 Z=0.000), Max=(X=3000.000 Y=3500.000 Z=400.000) RuntimeGrid:None EditorOnly:0 RuntimeOnly:0 HLODRelevant:1 FolderPath:Playground FolderGuid:C73F09FC4215536B1DCE2A9E0A830C70
 |   |   |- [+] [ 41]
 |   |   |   |- Guid:DB15EFE54F338BC1089887A08D57F025 BaseClass:/Game/ThirdPerson/Blueprints/Grid_BP.Grid_BP_C NativeClass:/Script/Engine.Actor Name:Grid_BP_C_UAID_E0D55EB58B9F07A401_1195105609 Label:Grid_BP1 SpatiallyLoaded:1 Bounds:IsValid=true, Min=(X=950.000 Y=850.000 Z=0.000), Max=(X=950.000 Y=850.000 Z=0.000) RuntimeGrid:None EditorOnly:0 RuntimeOnly:0 HLODRelevant:0
 |   |   |- [+] [ 42]
 |   |   |   |- Guid:6B3854AB493E92FDE2C297BA209A767E BaseClass:/Game/ThirdPerson/Blueprints/Grid_BP.Grid_BP_C NativeClass:/Script/Engine.Actor Name:Grid_BP_C_UAID_E0D55EB58B9F07A401_1195133630 Label:Grid_BP25 SpatiallyLoaded:1 Bounds:IsValid=true, Min=(X=1250.000 Y=1150.000 Z=0.000), Max=(X=1250.000 Y=1150.000 Z=0.000) RuntimeGrid:None EditorOnly:0 RuntimeOnly:0 HLODRelevant:0
 |   |   |- [+] [ 43]
 |   |   |   |- Guid:6B06978F43FF6D55A959C493BAE09890 BaseClass:/Game/ThirdPerson/Blueprints/Enemy_BP.Enemy_BP_C NativeClass:/Script/Engine.Character Name:Enemy_BP_C_UAID_E0D55EB58B9F9AA401_1852514447 Label:Enemy_BP7 SpatiallyLoaded:1 Bounds:IsValid=true, Min=(X=1506.693 Y=760.157 Z=-424.000), Max=(X=2530.693 Y=1784.157 Z=600.000) RuntimeGrid:None EditorOnly:0 RuntimeOnly:0 HLODRelevant:0
 |   |   |- [+] [ 44]
 |   |   |   |- Guid:07A7D368484A5FC724206BB806DC19BA BaseClass:/Game/ThirdPerson/Blueprints/Grid_BP.Grid_BP_C NativeClass:/Script/Engine.Actor Name:Grid_BP_C_UAID_E0D55EB58B9F07A401_1195079590 Label:Grid_BP10 SpatiallyLoaded:1 Bounds:IsValid=true, Min=(X=1150.000 Y=950.000 Z=0.000), Max=(X=1150.000 Y=950.000 Z=0.000) RuntimeGrid:None EditorOnly:0 RuntimeOnly:0 HLODRelevant:0
 |   |   |- [+] [ 45]
 |   |   |   |- Guid:28D4721C42E9AD339A6815A8BF531839 BaseClass:/Game/ThirdPerson/Blueprints/Grid_BP.Grid_BP_C NativeClass:/Script/Engine.Actor Name:Grid_BP_C_UAID_E0D55EB58B9F07A401_1195144638 Label:Grid_BP31 SpatiallyLoaded:1 Bounds:IsValid=true, Min=(X=1150.000 Y=1250.000 Z=0.000), Max=(X=1150.000 Y=1250.000 Z=0.000) RuntimeGrid:None EditorOnly:0 RuntimeOnly:0 HLODRelevant:0
 |   |   |- [+] [ 46]
 |   |   |   |- Guid:895BE730455F0825A50A789453938ED2 BaseClass: NativeClass:/Script/Engine.SkyLight Name:SkyLight_UAID_E0D55EB58B9F07A401_1195102607 Label:SkyLight SpatiallyLoaded:0 Bounds:IsValid=true, Min=(X=0.000 Y=0.000 Z=690.000), Max=(X=0.000 Y=0.000 Z=690.000) RuntimeGrid:None EditorOnly:0 RuntimeOnly:0 HLODRelevant:0 FolderPath:Lighting FolderGuid:963EC3EB4002CCE9759E2EBA541A873A
 |   |   |- [+] [ 47]
 |   |   |   |- Guid:EF75C6D44F542F08899C959891C74FE2 BaseClass:/Game/ThirdPerson/Blueprints/Grid_BP.Grid_BP_C NativeClass:/Script/Engine.Actor Name:Grid_BP_C_UAID_E0D55EB58B9F07A401_1195057580 Label:Grid_BP27 SpatiallyLoaded:1 Bounds:IsValid=true, Min=(X=1450.000 Y=1150.000 Z=0.000), Max=(X=1450.000 Y=1150.000 Z=0.000) RuntimeGrid:None EditorOnly:0 RuntimeOnly:0 HLODRelevant:0
 |   |   |- [+] [ 48]
 |   |   |   |- Guid:2A7FEB244399CEBCFEDFCD91C40D8D2D BaseClass: NativeClass:/Script/Engine.TextRenderActor Name:TextRenderActor_UAID_E0D55EB58B9F07A401_1195077588 Label:TextRenderActor SpatiallyLoaded:1 Bounds:IsValid=true, Min=(X=-0.100 Y=1100.000 Z=65.013), Max=(X=-0.100 Y=2392.308 Z=215.013) RuntimeGrid:None EditorOnly:0 RuntimeOnly:0 HLODRelevant:0
 |   |   |- [+] [ 49]
 |   |   |   |- Guid:44CDC36443086F717DE472AD6A4B8952 BaseClass:/Game/ThirdPerson/Blueprints/Grid_BP.Grid_BP_C NativeClass:/Script/Engine.Actor Name:Grid_BP_C_UAID_E0D55EB58B9F07A401_1195056579 Label:Grid_BP21 SpatiallyLoaded:1 Bounds:IsValid=true, Min=(X=850.000 Y=1150.000 Z=0.000), Max=(X=850.000 Y=1150.000 Z=0.000) RuntimeGrid:None EditorOnly:0 RuntimeOnly:0 HLODRelevant:0
 |   |   |- [+] [ 50]
 |   |   |   |- Guid:042BC2874683C479AD69499D0B5CD9C4 BaseClass: NativeClass:/Script/Engine.StaticMeshActor Name:StaticMeshActor_UAID_E0D55EB58B9F07A401_1195129628 Label:SM_Cube5 SpatiallyLoaded:1 Bounds:IsValid=true, Min=(X=-0.000 Y=100.000 Z=0.000), Max=(X=100.000 Y=3400.000 Z=400.000) RuntimeGrid:None EditorOnly:0 RuntimeOnly:0 HLODRelevant:1 FolderPath:Playground FolderGuid:C73F09FC4215536B1DCE2A9E0A830C70
 |   |   |- [+] [ 51]
 |   |   |   |- Guid:348D69B34692917C375259B839D7F978 BaseClass:/Game/ThirdPerson/Blueprints/Grid_BP.Grid_BP_C NativeClass:/Script/Engine.Actor Name:Grid_BP_C_UAID_E0D55EB58B9F07A401_1195147640 Label:Grid_BP16 SpatiallyLoaded:1 Bounds:IsValid=true, Min=(X=1050.000 Y=1050.000 Z=0.000), Max=(X=1050.000 Y=1050.000 Z=0.000) RuntimeGrid:None EditorOnly:0 RuntimeOnly:0 HLODRelevant:0
 |   |   |- [+] [ 52]
 |   |   |   |- Guid:248D91334500F019CAA80AA372385BD5 BaseClass: NativeClass:/Script/Engine.StaticMeshActor Name:StaticMeshActor_UAID_E0D55EB58B9F07A401_1195053577 Label:Cube3 SpatiallyLoaded:1 Bounds:IsValid=true, Min=(X=700.000 Y=700.000 Z=-60.000), Max=(X=1500.000 Y=800.000 Z=40.000) RuntimeGrid:None EditorOnly:0 RuntimeOnly:0 HLODRelevant:1
 |   |   |- [+] [ 53]
 |   |   |   |- Guid:88A3D09C4484B93BDD06E9A21D06114D BaseClass:/Game/ThirdPerson/Blueprints/Grid_BP.Grid_BP_C NativeClass:/Script/Engine.Actor Name:Grid_BP_C_UAID_E0D55EB58B9F07A401_1195080591 Label:Grid_BP18 SpatiallyLoaded:1 Bounds:IsValid=true, Min=(X=1250.000 Y=1050.000 Z=0.000), Max=(X=1250.000 Y=1050.000 Z=0.000) RuntimeGrid:None EditorOnly:0 RuntimeOnly:0 HLODRelevant:0
 |   |   |- [+] [ 54]
 |   |   |   |- Guid:92B0578E4B375FAD7841CCB99C23E2FB BaseClass:/Game/ThirdPerson/Blueprints/Grid_BP.Grid_BP_C NativeClass:/Script/Engine.Actor Name:Grid_BP_C_UAID_E0D55EB58B9F07A401_1195148641 Label:Grid_BP3 SpatiallyLoaded:1 Bounds:IsValid=true, Min=(X=1150.000 Y=850.000 Z=0.000), Max=(X=1150.000 Y=850.000 Z=0.000) RuntimeGrid:None EditorOnly:0 RuntimeOnly:0 HLODRelevant:0
 |   |   |- [+] [ 55]
 |   |   |   |- Guid:A4E4243942ED4F9366B0D39624D52E61 BaseClass:/Game/ThirdPerson/Blueprints/Grid_BP.Grid_BP_C NativeClass:/Script/Engine.Actor Name:Grid_BP_C_UAID_E0D55EB58B9F07A401_1195089598 Label:Grid_BP11 SpatiallyLoaded:1 Bounds:IsValid=true, Min=(X=1250.000 Y=950.000 Z=0.000), Max=(X=1250.000 Y=950.000 Z=0.000) RuntimeGrid:None EditorOnly:0 RuntimeOnly:0 HLODRelevant:0
 |   |   |- [+] [ 56]
 |   |   |   |- Guid:83336C5E4E270D4C9EC43C96B21733B4 BaseClass:/Game/ThirdPerson/Blueprints/Grid_BP.Grid_BP_C NativeClass:/Script/Engine.Actor Name:Grid_BP_C_UAID_E0D55EB58B9F07A401_1195098604 Label:Grid_BP2 SpatiallyLoaded:1 Bounds:IsValid=true, Min=(X=1050.000 Y=850.000 Z=0.000), Max=(X=1050.000 Y=850.000 Z=0.000) RuntimeGrid:None EditorOnly:0 RuntimeOnly:0 HLODRelevant:0
 |   |   |- [+] [ 57]
 |   |   |   |- Guid:8F31477A4B15B54EA3D8C19AEC2FE01A BaseClass:/Game/ThirdPerson/Blueprints/Grid_BP.Grid_BP_C NativeClass:/Script/Engine.Actor Name:Grid_BP_C_UAID_E0D55EB58B9F07A401_1195120620 Label:Grid_BP41 SpatiallyLoaded:1 Bounds:IsValid=true, Min=(X=1450.000 Y=1350.000 Z=0.000), Max=(X=1450.000 Y=1350.000 Z=0.000) RuntimeGrid:None EditorOnly:0 RuntimeOnly:0 HLODRelevant:0
 |   |   |- [+] [ 58]
 |   |   |   |- Guid:96111A41460D0E026FD7E9AAD9D53CA0 BaseClass:/Game/ThirdPerson/Blueprints/Grid_BP.Grid_BP_C NativeClass:/Script/Engine.Actor Name:Grid_BP_C_UAID_E0D55EB58B9F07A401_1195061582 Label:Grid_BP22 SpatiallyLoaded:1 Bounds:IsValid=true, Min=(X=950.000 Y=1150.000 Z=0.000), Max=(X=950.000 Y=1150.000 Z=0.000) RuntimeGrid:None EditorOnly:0 RuntimeOnly:0 HLODRelevant:0
 |   |   |- [+] [ 59]
 |   |   |   |- Guid:D5B35C7C4E6391879318DAB0772FE684 BaseClass:/Game/ThirdPerson/Blueprints/Grid_BP.Grid_BP_C NativeClass:/Script/Engine.Actor Name:Grid_BP_C_UAID_E0D55EB58B9F07A401_1195101606 Label:Grid_BP12 SpatiallyLoaded:1 Bounds:IsValid=true, Min=(X=1350.000 Y=950.000 Z=0.000), Max=(X=1350.000 Y=950.000 Z=0.000) RuntimeGrid:None EditorOnly:0 RuntimeOnly:0 HLODRelevant:0
 |   |   |- [+] [ 60]
 |   |   |   |- Guid:B1E10E3442419331A844CEAAC4887065 BaseClass:/Game/ThirdPerson/Blueprints/Grid_BP.Grid_BP_C NativeClass:/Script/Engine.Actor Name:Grid_BP_C_UAID_E0D55EB58B9F07A401_1195129627 Label:Grid_BP17 SpatiallyLoaded:1 Bounds:IsValid=true, Min=(X=1150.000 Y=1050.000 Z=0.000), Max=(X=1150.000 Y=1050.000 Z=0.000) RuntimeGrid:None EditorOnly:0 RuntimeOnly:0 HLODRelevant:0
 |   |   |- [+] [ 61]
 |   |   |   |- Guid:13981C554F5D7B8E47A390BA5C199AAB BaseClass:/Game/ThirdPerson/Blueprints/Element_BP.Element_BP_C NativeClass:/Script/Engine.Actor Name:Element_BP_C_UAID_E0D55EB58B9F0AA401_1236408176 Label:Element_BP4 SpatiallyLoaded:1 Bounds:IsValid=true, Min=(X=1400.000 Y=1290.000 Z=-50.000), Max=(X=1500.000 Y=1390.000 Z=50.000) RuntimeGrid:None EditorOnly:0 RuntimeOnly:0 HLODRelevant:0
 |   |   |- [+] [ 62]
 |   |   |   |- Guid:CE8846104AD52B390F827394BA127177 BaseClass:/Game/ThirdPerson/Blueprints/Grid_BP.Grid_BP_C NativeClass:/Script/Engine.Actor Name:Grid_BP_C_UAID_E0D55EB58B9F07A401_1195117617 Label:Grid_BP34 SpatiallyLoaded:1 Bounds:IsValid=true, Min=(X=1450.000 Y=1250.000 Z=0.000), Max=(X=1450.000 Y=1250.000 Z=0.000) RuntimeGrid:None EditorOnly:0 RuntimeOnly:0 HLODRelevant:0
 |   |   |- [+] [ 63]
 |   |   |   |- Guid:4987BF444688FD29E392529536346BE8 BaseClass: NativeClass:/Script/Engine.StaticMeshActor Name:StaticMeshActor_UAID_E0D55EB58B9F07A401_1195099605 Label:SM_Cube SpatiallyLoaded:1 Bounds:IsValid=true, Min=(X=0.000 Y=0.000 Z=-50.000), Max=(X=3000.000 Y=3500.000 Z=0.000) RuntimeGrid:None EditorOnly:0 RuntimeOnly:0 HLODRelevant:1 FolderPath:Playground FolderGuid:C73F09FC4215536B1DCE2A9E0A830C70
 |   |   |- [+] [ 64]
 |   |   |   |- Guid:B69D347B4D438C4AC70207AA7632B88F BaseClass:/Game/ThirdPerson/Blueprints/Element_BP.Element_BP_C NativeClass:/Script/Engine.Actor Name:Element_BP_C_UAID_E0D55EB58B9F0AA401_1236372173 Label:Element_BP SpatiallyLoaded:1 Bounds:IsValid=true, Min=(X=1400.000 Y=1100.000 Z=-50.000), Max=(X=1500.000 Y=1200.000 Z=50.000) RuntimeGrid:None EditorOnly:0 RuntimeOnly:0 HLODRelevant:0
 |   |   |- [+] [ 65]
 |   |   |   |- Guid:2576A35F4A009F72B9E2FAB756FC4B7D BaseClass: NativeClass:/Script/Engine.StaticMeshActor Name:StaticMeshActor_UAID_E0D55EB58B9F07A401_1195140634 Label:Cube5 SpatiallyLoaded:1 Bounds:IsValid=true, Min=(X=1500.000 Y=700.000 Z=-60.000), Max=(X=1600.000 Y=1500.000 Z=40.000) RuntimeGrid:None EditorOnly:0 RuntimeOnly:0 HLODRelevant:1
 |   |   |- [+] [ 66]
 |   |   |   |- Guid:8D3BA056466A4FE6B4EFB1A94C2AD3AF BaseClass: NativeClass:/Script/Engine.StaticMeshActor Name:StaticMeshActor_UAID_E0D55EB58B9F07A401_1195112613 Label:Cube4 SpatiallyLoaded:1 Bounds:IsValid=true, Min=(X=700.000 Y=1400.000 Z=-60.000), Max=(X=1500.000 Y=1500.000 Z=40.000) RuntimeGrid:None EditorOnly:0 RuntimeOnly:0 HLODRelevant:1
 |   |   |- [+] [ 67]
 |   |   |   |- Guid:22CA33194754D5A00B7A3F84C88DC85C BaseClass:/Game/ThirdPerson/Blueprints/Grid_BP.Grid_BP_C NativeClass:/Script/Engine.Actor Name:Grid_BP_C_UAID_E0D55EB58B9F07A401_1195125624 Label:Grid_BP23 SpatiallyLoaded:1 Bounds:IsValid=true, Min=(X=1050.000 Y=1150.000 Z=0.000), Max=(X=1050.000 Y=1150.000 Z=0.000) RuntimeGrid:None EditorOnly:0 RuntimeOnly:0 HLODRelevant:0
 |   |   |- [+] [ 68]
 |   |   |   |- Guid:78E549554C21C46F1ECB11AF6A8A301E BaseClass:/Game/ThirdPerson/Blueprints/Grid_BP.Grid_BP_C NativeClass:/Script/Engine.Actor Name:Grid_BP_C_UAID_E0D55EB58B9F07A401_1195082592 Label:Grid_BP24 SpatiallyLoaded:1 Bounds:IsValid=true, Min=(X=1150.000 Y=1150.000 Z=0.000), Max=(X=1150.000 Y=1150.000 Z=0.000) RuntimeGrid:None EditorOnly:0 RuntimeOnly:0 HLODRelevant:0
 |   |   |- [+] [ 69]
 |   |   |   |- Guid:F7469F3C484C5AF3F31F34968E438EA3 BaseClass:/Game/ThirdPerson/Blueprints/Element_BP.Element_BP_C NativeClass:/Script/Engine.Actor Name:Element_BP_C_UAID_E0D55EB58B9F52A401_1518898775 Label:Element_BP5 SpatiallyLoaded:1 Bounds:IsValid=true, Min=(X=1096.986 Y=800.000 Z=-50.000), Max=(X=1196.986 Y=900.000 Z=50.000) RuntimeGrid:None EditorOnly:0 RuntimeOnly:0 HLODRelevant:0
 |   |   |- [+] [ 70]
 |   |   |   |- Guid:299E628C4B1092066E62E18324FC8A95 BaseClass:/Game/ThirdPerson/Blueprints/Grid_BP.Grid_BP_C NativeClass:/Script/Engine.Actor Name:Grid_BP_C_UAID_E0D55EB58B9F0AA401_1236409177 Label:Grid_BP42 SpatiallyLoaded:1 Bounds:IsValid=true, Min=(X=1150.000 Y=1250.000 Z=0.000), Max=(X=1150.000 Y=1250.000 Z=0.000) RuntimeGrid:None EditorOnly:0 RuntimeOnly:0 HLODRelevant:0
 |- ContainerInstances:
 |- [+] MainContainer:
 |   |-        ID: 0x0000000000000000
 |   |-    Bounds: IsValid=false, Min=(X=0.000 Y=0.000 Z=0.000), Max=(X=0.000 Y=0.000 Z=0.000)
 |   |- Transform: 0.000000,0.000000,0.000000|0.000000,0.000000,-0.000000|1.000000,1.000000,1.000000
 |   |- Container: /Game/ThirdPerson/Maps/ThirdPersonMap
----------------------------------------------------------------------------------------------------------------
ThirdPersonMap - Persistent Level
----------------------------------------------------------------------------------------------------------------
Always loaded Actor Count: 5 

----------------------------------------------------------------------------------------------------------------
ThirdPersonMap - Runtime Spatial Hash - Streaming Grid - MainGrid
----------------------------------------------------------------------------------------------------------------
            Origin: X=0.000 Y=0.000 Z=0.000
         Cell Size: 12800
      World Bounds: IsValid=false, Min=(X=0.000 Y=0.000 Z=0.000), Max=(X=0.000 Y=0.000 Z=0.000)
     Loading Range: 25600.00
Block Slow Loading: No
 ClientOnlyVisible: No

[+] Grid Levels: 1
 |- Level  0: Cell Count    1 | Cell Size   12800 | Actor Count   71 (100.0%)

[+] Content of Grid Level 0
 |- [+] Content of Cell MainGrid_L0_X0_Y0
 |   |- Actor Count: 71
 |   |- Actor Path: /Game/ThirdPerson/Maps/ThirdPersonMap.ThirdPersonMap:PersistentLevel.Grid_BP_C_UAID_E0D55EB58B9F07A401_1195149642
 |   |- Actor Package: /Game/__ExternalActors__/ThirdPerson/Maps/ThirdPersonMap/0/3N/Q4DJQDO4P04QVC8DXAMHM2
 |   |- Actor Path: /Game/ThirdPerson/Maps/ThirdPersonMap.ThirdPersonMap:PersistentLevel.WorldDataLayers
 |   |- Actor Package: /Game/__ExternalActors__/ThirdPerson/Maps/ThirdPersonMap/0/43/HYQWORMY4JDQ5X3OKZXFLC
 |   |- Actor Path: /Game/ThirdPerson/Maps/ThirdPersonMap.ThirdPersonMap:PersistentLevel.StaticMeshActor_UAID_E0D55EB58B9F07A401_1195084594
 |   |- Actor Package: /Game/__ExternalActors__/ThirdPerson/Maps/ThirdPersonMap/0/45/K0JBHMAJ6PI9AV7URF7DD1
 |   |- Actor Path: /Game/ThirdPerson/Maps/ThirdPersonMap.ThirdPersonMap:PersistentLevel.StaticMeshActor_UAID_E0D55EB58B9F07A401_1195094601
 |   |- Actor Package: /Game/__ExternalActors__/ThirdPerson/Maps/ThirdPersonMap/0/NP/M0E5IJNA432Y74Y8JV8DSY
 |   |- Actor Path: /Game/ThirdPerson/Maps/ThirdPersonMap.ThirdPersonMap:PersistentLevel.SkyAtmosphere_UAID_E0D55EB58B9F07A401_1195113614
 |   |- Actor Package: /Game/__ExternalActors__/ThirdPerson/Maps/ThirdPersonMap/0/TO/G0UAT5WH5CJHKTYGYOP1EH
 |   |- Actor Path: /Game/ThirdPerson/Maps/ThirdPersonMap.ThirdPersonMap:PersistentLevel.Grid_BP_C_UAID_E0D55EB58B9F07A401_1195103608
 |   |- Actor Package: /Game/__ExternalActors__/ThirdPerson/Maps/ThirdPersonMap/1/18/W63XIE3X5IBJ941LYEO5RC
 |   |- Actor Path: /Game/ThirdPerson/Maps/ThirdPersonMap.ThirdPersonMap:PersistentLevel.Grid_BP_C_UAID_E0D55EB58B9F07A401_1195085595
 |   |- Actor Package: /Game/__ExternalActors__/ThirdPerson/Maps/ThirdPersonMap/1/F9/435FC0D2GJTE2LPGWZSDCP
 |   |- Actor Path: /Game/ThirdPerson/Maps/ThirdPersonMap.ThirdPersonMap:PersistentLevel.PostProcessVolume_UAID_E0D55EB58B9F07A401_1195063584
 |   |- Actor Package: /Game/__ExternalActors__/ThirdPerson/Maps/ThirdPersonMap/1/KS/R3T11T8F8RFL8TMHNZWXWO
 |   |- Actor Path: /Game/ThirdPerson/Maps/ThirdPersonMap.ThirdPersonMap:PersistentLevel.Grid_BP_C_UAID_E0D55EB58B9F07A401_1195095602
 |   |- Actor Package: /Game/__ExternalActors__/ThirdPerson/Maps/ThirdPersonMap/1/SX/G3ARXBISLJY68JF9T5B327
 |   |- Actor Path: /Game/ThirdPerson/Maps/ThirdPersonMap.ThirdPersonMap:PersistentLevel.Enemy_BP_C_UAID_E0D55EB58B9F7AA401_1886370816
 |   |- Actor Package: /Game/__ExternalActors__/ThirdPerson/Maps/ThirdPersonMap/2/1P/VZS00KZBP2G8RZZUSCL67B
 |   |- Actor Path: /Game/ThirdPerson/Maps/ThirdPersonMap.ThirdPersonMap:PersistentLevel.Grid_BP_C_UAID_E0D55EB58B9F07A401_1195141635
 |   |- Actor Package: /Game/__ExternalActors__/ThirdPerson/Maps/ThirdPersonMap/2/5A/4NZ784QPSGMVRUR6N55P8O
 |   |- Actor Path: /Game/ThirdPerson/Maps/ThirdPersonMap.ThirdPersonMap:PersistentLevel.Grid_BP_C_UAID_E0D55EB58B9F07A401_1195127626
 |   |- Actor Package: /Game/__ExternalActors__/ThirdPerson/Maps/ThirdPersonMap/2/9N/YM9TXF1HC4APSM1U48X1G8
 |   |- Actor Path: /Game/ThirdPerson/Maps/ThirdPersonMap.ThirdPersonMap:PersistentLevel.Grid_BP_C_UAID_E0D55EB58B9F07A401_1195073585
 |   |- Actor Package: /Game/__ExternalActors__/ThirdPerson/Maps/ThirdPersonMap/2/9R/06YHAO8MHYU2Q17FV35ZUY
 |   |- Actor Path: /Game/ThirdPerson/Maps/ThirdPersonMap.ThirdPersonMap:PersistentLevel.Grid_BP_C_UAID_E0D55EB58B9F07A401_1195107611
 |   |- Actor Package: /Game/__ExternalActors__/ThirdPerson/Maps/ThirdPersonMap/2/AX/LAQJ8MT803F59Z91K0O9W8
 |   |- Actor Path: /Game/ThirdPerson/Maps/ThirdPersonMap.ThirdPersonMap:PersistentLevel.Element_BP_C_UAID_E0D55EB58B9F0AA401_1236404174
 |   |- Actor Package: /Game/__ExternalActors__/ThirdPerson/Maps/ThirdPersonMap/2/O5/Q74Y1D99T1G2KFKOSACEMD
 |   |- Actor Path: /Game/ThirdPerson/Maps/ThirdPersonMap.ThirdPersonMap:PersistentLevel.DirectionalLight_UAID_E0D55EB58B9F07A401_1195074586
 |   |- Actor Package: /Game/__ExternalActors__/ThirdPerson/Maps/ThirdPersonMap/2/X4/U7ETDWPNA7RO6IG8L8K6HV
 |   |- Actor Path: /Game/ThirdPerson/Maps/ThirdPersonMap.ThirdPersonMap:PersistentLevel.Grid_BP_C_UAID_E0D55EB58B9F07A401_1195062583
 |   |- Actor Package: /Game/__ExternalActors__/ThirdPerson/Maps/ThirdPersonMap/3/15/723J2M0HD2FEFM0HC0WW4W
 |   |- Actor Path: /Game/ThirdPerson/Maps/ThirdPersonMap.ThirdPersonMap:PersistentLevel.Grid_BP_C_UAID_E0D55EB58B9F07A401_1195114615
 |   |- Actor Package: /Game/__ExternalActors__/ThirdPerson/Maps/ThirdPersonMap/3/68/LIAYIKQSW6W253E0WD8F15
 |   |- Actor Path: /Game/ThirdPerson/Maps/ThirdPersonMap.ThirdPersonMap:PersistentLevel.Grid_BP_C_UAID_E0D55EB58B9F07A401_1195124623
 |   |- Actor Package: /Game/__ExternalActors__/ThirdPerson/Maps/ThirdPersonMap/3/TG/2N0DYNDI24UNUIEBHW6K4P
 |   |- Actor Path: /Game/ThirdPerson/Maps/ThirdPersonMap.ThirdPersonMap:PersistentLevel.Grid_BP_C_UAID_E0D55EB58B9F07A401_1195106610
 |   |- Actor Package: /Game/__ExternalActors__/ThirdPerson/Maps/ThirdPersonMap/3/VR/9GTXGZ6PZR16LQ1KOFTOWH
 |   |- Actor Path: /Game/ThirdPerson/Maps/ThirdPersonMap.ThirdPersonMap:PersistentLevel.Grid_BP_C_UAID_E0D55EB58B9F07A401_1195093600
 |   |- Actor Package: /Game/__ExternalActors__/ThirdPerson/Maps/ThirdPersonMap/4/A7/PN672AFG2Q6ALU8J3JPKXX
 |   |- Actor Path: /Game/ThirdPerson/Maps/ThirdPersonMap.ThirdPersonMap:PersistentLevel.Grid_BP_C_UAID_E0D55EB58B9F07A401_1195052576
 |   |- Actor Package: /Game/__ExternalActors__/ThirdPerson/Maps/ThirdPersonMap/4/WP/VZ5C81WA1P3O76RU4J0W31
 |   |- Actor Path: /Game/ThirdPerson/Maps/ThirdPersonMap.ThirdPersonMap:PersistentLevel.VolumetricCloud_UAID_E0D55EB58B9F07A401_1195078589
 |   |- Actor Package: /Game/__ExternalActors__/ThirdPerson/Maps/ThirdPersonMap/5/5Z/WKL8Y1UJMH95GDA7UHRGYP
 |   |- Actor Path: /Game/ThirdPerson/Maps/ThirdPersonMap.ThirdPersonMap:PersistentLevel.Grid_BP_C_UAID_E0D55EB58B9F07A401_1195076587
 |   |- Actor Package: /Game/__ExternalActors__/ThirdPerson/Maps/ThirdPersonMap/5/CV/8CPF2I7OXDF05LV5Y9N2WT
 |   |- Actor Path: /Game/ThirdPerson/Maps/ThirdPersonMap.ThirdPersonMap:PersistentLevel.Grid_BP_C_UAID_E0D55EB58B9F07A401_1195116616
 |   |- Actor Package: /Game/__ExternalActors__/ThirdPerson/Maps/ThirdPersonMap/5/GL/2FWTOH4WQ1FAJ96F3OF9WF
 |   |- Actor Path: /Game/ThirdPerson/Maps/ThirdPersonMap.ThirdPersonMap:PersistentLevel.Grid_BP_C_UAID_E0D55EB58B9F07A401_1195132629
 |   |- Actor Package: /Game/__ExternalActors__/ThirdPerson/Maps/ThirdPersonMap/5/H0/ZXTQXNLV5XT8FZUL6971UB
 |   |- Actor Path: /Game/ThirdPerson/Maps/ThirdPersonMap.ThirdPersonMap:PersistentLevel.StaticMeshActor_UAID_E0D55EB58B9F07A401_1195121621
 |   |- Actor Package: /Game/__ExternalActors__/ThirdPerson/Maps/ThirdPersonMap/5/JX/0I4AIRWO47928NOK8OUDBI
 |   |- Actor Path: /Game/ThirdPerson/Maps/ThirdPersonMap.ThirdPersonMap:PersistentLevel.ExponentialHeightFog_UAID_E0D55EB58B9F07A401_1195126625
 |   |- Actor Package: /Game/__ExternalActors__/ThirdPerson/Maps/ThirdPersonMap/5/LV/P7CZXKYVZOIDOXN5MHG121
 |   |- Actor Path: /Game/ThirdPerson/Maps/ThirdPersonMap.ThirdPersonMap:PersistentLevel.Element_BP_C_UAID_E0D55EB58B9F0AA401_1236406175
 |   |- Actor Package: /Game/__ExternalActors__/ThirdPerson/Maps/ThirdPersonMap/5/OC/IVY6VWXH1SO95EY3N4F4YZ
 |   |- Actor Path: /Game/ThirdPerson/Maps/ThirdPersonMap.ThirdPersonMap:PersistentLevel.Grid_BP_C_UAID_E0D55EB58B9F07A401_1195134631
 |   |- Actor Package: /Game/__ExternalActors__/ThirdPerson/Maps/ThirdPersonMap/5/PC/M3E9YI9E4EV52BLCZQBKYE
 |   |- Actor Path: /Game/ThirdPerson/Maps/ThirdPersonMap.ThirdPersonMap:PersistentLevel.StaticMeshActor_UAID_E0D55EB58B9F07A401_1195086596
 |   |- Actor Package: /Game/__ExternalActors__/ThirdPerson/Maps/ThirdPersonMap/5/XF/9HN3X9WOWLK70SJ73X6F3I
 |   |- Actor Path: /Game/ThirdPerson/Maps/ThirdPersonMap.ThirdPersonMap:PersistentLevel.Grid_BP_C_UAID_E0D55EB58B9F07A401_1195142636
 |   |- Actor Package: /Game/__ExternalActors__/ThirdPerson/Maps/ThirdPersonMap/6/0R/MNBYHZZNC3LTG9P6T53F6H
 |   |- Actor Path: /Game/ThirdPerson/Maps/ThirdPersonMap.ThirdPersonMap:PersistentLevel.GridManager_BP_C_UAID_E0D55EB58B9F07A401_1601912644
 |   |- Actor Package: /Game/__ExternalActors__/ThirdPerson/Maps/ThirdPersonMap/6/0W/3XF3A3OTRJPGBB1YH0MK9J
 |   |- Actor Path: /Game/ThirdPerson/Maps/ThirdPersonMap.ThirdPersonMap:PersistentLevel.Grid_BP_C_UAID_E0D55EB58B9F07A401_1195083593
 |   |- Actor Package: /Game/__ExternalActors__/ThirdPerson/Maps/ThirdPersonMap/6/J3/NO4WPICHQ0Q4XM59FBT73A
 |   |- Actor Path: /Game/ThirdPerson/Maps/ThirdPersonMap.ThirdPersonMap:PersistentLevel.Grid_BP_C_UAID_E0D55EB58B9F07A401_1195097603
 |   |- Actor Package: /Game/__ExternalActors__/ThirdPerson/Maps/ThirdPersonMap/6/JV/16W0P46CD59DJCT9EUSNQ6
 |   |- Actor Path: /Game/ThirdPerson/Maps/ThirdPersonMap.ThirdPersonMap:PersistentLevel.Grid_BP_C_UAID_E0D55EB58B9F07A401_1195145639
 |   |- Actor Package: /Game/__ExternalActors__/ThirdPerson/Maps/ThirdPersonMap/6/XY/PO7ZQ210356OJ0VKIYWVT6
 |   |- Actor Path: /Game/ThirdPerson/Maps/ThirdPersonMap.ThirdPersonMap:PersistentLevel.Element_BP_C_UAID_E0D55EB58B9F52A401_1526389776
 |   |- Actor Package: /Game/__ExternalActors__/ThirdPerson/Maps/ThirdPersonMap/6/YX/K8W86HC6V29A7HKOPS7NN9
 |   |- Actor Path: /Game/ThirdPerson/Maps/ThirdPersonMap.ThirdPersonMap:PersistentLevel.PlayerStart_UAID_E0D55EB58B9F07A401_1195138633
 |   |- Actor Package: /Game/__ExternalActors__/ThirdPerson/Maps/ThirdPersonMap/7/7P/Y8DS75R1LK9M15C0V4K5KT
 |   |- Actor Path: /Game/ThirdPerson/Maps/ThirdPersonMap.ThirdPersonMap:PersistentLevel.Grid_BP_C_UAID_E0D55EB58B9F07A401_1195087597
 |   |- Actor Package: /Game/__ExternalActors__/ThirdPerson/Maps/ThirdPersonMap/7/9W/T17EKMZYWFGKGU1KFGQ2UB
 |   |- Actor Path: /Game/ThirdPerson/Maps/ThirdPersonMap.ThirdPersonMap:PersistentLevel.Grid_BP_C_UAID_E0D55EB58B9F07A401_1195054578
 |   |- Actor Package: /Game/__ExternalActors__/ThirdPerson/Maps/ThirdPersonMap/7/BL/26303TPTQ6TDO1OFZIBOEZ
 |   |- Actor Path: /Game/ThirdPerson/Maps/ThirdPersonMap.ThirdPersonMap:PersistentLevel.StaticMeshActor_UAID_E0D55EB58B9F07A401_1195123622
 |   |- Actor Package: /Game/__ExternalActors__/ThirdPerson/Maps/ThirdPersonMap/7/UF/5PTRTHI30OD5FY7ZN852DI
 |   |- Actor Path: /Game/ThirdPerson/Maps/ThirdPersonMap.ThirdPersonMap:PersistentLevel.Grid_BP_C_UAID_E0D55EB58B9F07A401_1195105609
 |   |- Actor Package: /Game/__ExternalActors__/ThirdPerson/Maps/ThirdPersonMap/7/WI/O5JNUR60HSX93NS946HEJH
 |   |- Actor Path: /Game/ThirdPerson/Maps/ThirdPersonMap.ThirdPersonMap:PersistentLevel.Grid_BP_C_UAID_E0D55EB58B9F07A401_1195133630
 |   |- Actor Package: /Game/__ExternalActors__/ThirdPerson/Maps/ThirdPersonMap/7/Y5/YTC6LQW9Z19B4L1MQCN3BR
 |   |- Actor Path: /Game/ThirdPerson/Maps/ThirdPersonMap.ThirdPersonMap:PersistentLevel.Enemy_BP_C_UAID_E0D55EB58B9F9AA401_1852514447
 |   |- Actor Package: /Game/__ExternalActors__/ThirdPerson/Maps/ThirdPersonMap/8/0N/6T4CIBXIKM5X9QV7JHXJPZ
 |   |- Actor Path: /Game/ThirdPerson/Maps/ThirdPersonMap.ThirdPersonMap:PersistentLevel.Grid_BP_C_UAID_E0D55EB58B9F07A401_1195079590
 |   |- Actor Package: /Game/__ExternalActors__/ThirdPerson/Maps/ThirdPersonMap/8/2X/EDH49BX2PDL5BX2WK6KZA0
 |   |- Actor Path: /Game/ThirdPerson/Maps/ThirdPersonMap.ThirdPersonMap:PersistentLevel.Grid_BP_C_UAID_E0D55EB58B9F07A401_1195144638
 |   |- Actor Package: /Game/__ExternalActors__/ThirdPerson/Maps/ThirdPersonMap/8/4P/SGEETIN2MP307Q55F9UWIA
 |   |- Actor Path: /Game/ThirdPerson/Maps/ThirdPersonMap.ThirdPersonMap:PersistentLevel.SkyLight_UAID_E0D55EB58B9F07A401_1195102607
 |   |- Actor Package: /Game/__ExternalActors__/ThirdPerson/Maps/ThirdPersonMap/8/7R/NSW6DR5SCUTQ0H24TISSLI
 |   |- Actor Path: /Game/ThirdPerson/Maps/ThirdPersonMap.ThirdPersonMap:PersistentLevel.Grid_BP_C_UAID_E0D55EB58B9F07A401_1195057580
 |   |- Actor Package: /Game/__ExternalActors__/ThirdPerson/Maps/ThirdPersonMap/8/CL/QUA7XGKWTZUYIPMM4KC9Q3
 |   |- Actor Path: /Game/ThirdPerson/Maps/ThirdPersonMap.ThirdPersonMap:PersistentLevel.TextRenderActor_UAID_E0D55EB58B9F07A401_1195077588
 |   |- Actor Package: /Game/__ExternalActors__/ThirdPerson/Maps/ThirdPersonMap/8/FW/2TD0I9WN3ZES64MQCP7U5Z
 |   |- Actor Path: /Game/ThirdPerson/Maps/ThirdPersonMap.ThirdPersonMap:PersistentLevel.Grid_BP_C_UAID_E0D55EB58B9F07A401_1195056579
 |   |- Actor Package: /Game/__ExternalActors__/ThirdPerson/Maps/ThirdPersonMap/8/G8/8J29JEM73WKDNJKLX8EUPW
 |   |- Actor Path: /Game/ThirdPerson/Maps/ThirdPersonMap.ThirdPersonMap:PersistentLevel.StaticMeshActor_UAID_E0D55EB58B9F07A401_1195129628
 |   |- Actor Package: /Game/__ExternalActors__/ThirdPerson/Maps/ThirdPersonMap/9/1F/OL83JWP1T39ULJE0OZ7XTD
 |   |- Actor Path: /Game/ThirdPerson/Maps/ThirdPersonMap.ThirdPersonMap:PersistentLevel.Grid_BP_C_UAID_E0D55EB58B9F07A401_1195147640
 |   |- Actor Package: /Game/__ExternalActors__/ThirdPerson/Maps/ThirdPersonMap/9/5K/OVQQBYWGQEP9FIJX1XL4AP
 |   |- Actor Path: /Game/ThirdPerson/Maps/ThirdPersonMap.ThirdPersonMap:PersistentLevel.StaticMeshActor_UAID_E0D55EB58B9F07A401_1195053577
 |   |- Actor Package: /Game/__ExternalActors__/ThirdPerson/Maps/ThirdPersonMap/9/NN/WF3MNIYAJ5CQAGZ6OD4M27
 |   |- Actor Path: /Game/ThirdPerson/Maps/ThirdPersonMap.ThirdPersonMap:PersistentLevel.Grid_BP_C_UAID_E0D55EB58B9F07A401_1195080591
 |   |- Actor Package: /Game/__ExternalActors__/ThirdPerson/Maps/ThirdPersonMap/9/YO/BIGMT18VCFHU1N0L042DWI
 |   |- Actor Path: /Game/ThirdPerson/Maps/ThirdPersonMap.ThirdPersonMap:PersistentLevel.Grid_BP_C_UAID_E0D55EB58B9F07A401_1195148641
 |   |- Actor Package: /Game/__ExternalActors__/ThirdPerson/Maps/ThirdPersonMap/A/0Z/RJQEW425MK0FFD9NVYP4QQ
 |   |- Actor Path: /Game/ThirdPerson/Maps/ThirdPersonMap.ThirdPersonMap:PersistentLevel.Grid_BP_C_UAID_E0D55EB58B9F07A401_1195089598
 |   |- Actor Package: /Game/__ExternalActors__/ThirdPerson/Maps/ThirdPersonMap/A/DS/JKNZXCR2POEYZ7KBZLWG4M
 |   |- Actor Path: /Game/ThirdPerson/Maps/ThirdPersonMap.ThirdPersonMap:PersistentLevel.Grid_BP_C_UAID_E0D55EB58B9F07A401_1195098604
 |   |- Actor Package: /Game/__ExternalActors__/ThirdPerson/Maps/ThirdPersonMap/A/M3/33MW22TB8J3VDPU6SD1ZBS
 |   |- Actor Path: /Game/ThirdPerson/Maps/ThirdPersonMap.ThirdPersonMap:PersistentLevel.Grid_BP_C_UAID_E0D55EB58B9F07A401_1195120620
 |   |- Actor Package: /Game/__ExternalActors__/ThirdPerson/Maps/ThirdPersonMap/B/80/NTL644KN9R54MLYDBD5AEP
 |   |- Actor Path: /Game/ThirdPerson/Maps/ThirdPersonMap.ThirdPersonMap:PersistentLevel.Grid_BP_C_UAID_E0D55EB58B9F07A401_1195061582
 |   |- Actor Package: /Game/__ExternalActors__/ThirdPerson/Maps/ThirdPersonMap/B/FD/611L5Z0S8A3YYUHJU40UFR
 |   |- Actor Path: /Game/ThirdPerson/Maps/ThirdPersonMap.ThirdPersonMap:PersistentLevel.Grid_BP_C_UAID_E0D55EB58B9F07A401_1195101606
 |   |- Actor Package: /Game/__ExternalActors__/ThirdPerson/Maps/ThirdPersonMap/B/LE/V0C2TXI9JPKCJTJK61ZUU6
 |   |- Actor Path: /Game/ThirdPerson/Maps/ThirdPersonMap.ThirdPersonMap:PersistentLevel.Grid_BP_C_UAID_E0D55EB58B9F07A401_1195129627
 |   |- Actor Package: /Game/__ExternalActors__/ThirdPerson/Maps/ThirdPersonMap/B/Q1/9ATAAKOEJSBFC2393BLA6L
 |   |- Actor Path: /Game/ThirdPerson/Maps/ThirdPersonMap.ThirdPersonMap:PersistentLevel.Element_BP_C_UAID_E0D55EB58B9F0AA401_1236408176
 |   |- Actor Package: /Game/__ExternalActors__/ThirdPerson/Maps/ThirdPersonMap/C/14/9JG54M0AVQIKTJT2RKGQO9
 |   |- Actor Path: /Game/ThirdPerson/Maps/ThirdPersonMap.ThirdPersonMap:PersistentLevel.Grid_BP_C_UAID_E0D55EB58B9F07A401_1195117617
 |   |- Actor Package: /Game/__ExternalActors__/ThirdPerson/Maps/ThirdPersonMap/D/0A/MJIIEN0ISATVNMHIH693L5
 |   |- Actor Path: /Game/ThirdPerson/Maps/ThirdPersonMap.ThirdPersonMap:PersistentLevel.StaticMeshActor_UAID_E0D55EB58B9F07A401_1195099605
 |   |- Actor Package: /Game/__ExternalActors__/ThirdPerson/Maps/ThirdPersonMap/D/6V/5KGM1ROMNW6YA91586AHM2
 |   |- Actor Path: /Game/ThirdPerson/Maps/ThirdPersonMap.ThirdPersonMap:PersistentLevel.Element_BP_C_UAID_E0D55EB58B9F0AA401_1236372173
 |   |- Actor Package: /Game/__ExternalActors__/ThirdPerson/Maps/ThirdPersonMap/D/81/OQQ62GKTS49FQJYL9VYKJI
 |   |- Actor Path: /Game/ThirdPerson/Maps/ThirdPersonMap.ThirdPersonMap:PersistentLevel.StaticMeshActor_UAID_E0D55EB58B9F07A401_1195140634
 |   |- Actor Package: /Game/__ExternalActors__/ThirdPerson/Maps/ThirdPersonMap/D/FD/9W0W7I1RMQGEXEMGRY000E
 |   |- Actor Path: /Game/ThirdPerson/Maps/ThirdPersonMap.ThirdPersonMap:PersistentLevel.StaticMeshActor_UAID_E0D55EB58B9F07A401_1195112613
 |   |- Actor Package: /Game/__ExternalActors__/ThirdPerson/Maps/ThirdPersonMap/D/FN/D9JF0SXI4ZUEDF9EIPDMVX
 |   |- Actor Path: /Game/ThirdPerson/Maps/ThirdPersonMap.ThirdPersonMap:PersistentLevel.Grid_BP_C_UAID_E0D55EB58B9F07A401_1195125624
 |   |- Actor Package: /Game/__ExternalActors__/ThirdPerson/Maps/ThirdPersonMap/D/MU/8R3Z2CTXDHTPX72LSNJMSA
 |   |- Actor Path: /Game/ThirdPerson/Maps/ThirdPersonMap.ThirdPersonMap:PersistentLevel.Grid_BP_C_UAID_E0D55EB58B9F07A401_1195082592
 |   |- Actor Package: /Game/__ExternalActors__/ThirdPerson/Maps/ThirdPersonMap/D/Q1/8UA77OAD7LKYLD4UPNEPML
 |   |- Actor Path: /Game/ThirdPerson/Maps/ThirdPersonMap.ThirdPersonMap:PersistentLevel.Element_BP_C_UAID_E0D55EB58B9F52A401_1518898775
 |   |- Actor Package: /Game/__ExternalActors__/ThirdPerson/Maps/ThirdPersonMap/D/QF/JV433AZS2TIQKSH50OK55S
 |   |- Actor Path: /Game/ThirdPerson/Maps/ThirdPersonMap.ThirdPersonMap:PersistentLevel.Grid_BP_C_UAID_E0D55EB58B9F0AA401_1236409177
 |   |- Actor Package: /Game/__ExternalActors__/ThirdPerson/Maps/ThirdPersonMap/E/ZD/U4FTUQRCEPEWP4CFC8LK8T

